TN:
SF:src\App.jsx
FN:12,(anonymous_0)
FN:26,(anonymous_1)
FN:28,(anonymous_2)
FN:35,(anonymous_3)
FN:42,App
FNF:5
FNH:4
FNDA:0,(anonymous_0)
FNDA:2,(anonymous_1)
FNDA:2,(anonymous_2)
FNDA:2,(anonymous_3)
FNDA:2,App
DA:12,1
DA:26,1
DA:27,2
DA:28,2
DA:29,2
DA:31,2
DA:35,1
DA:36,2
DA:37,2
DA:38,1
DA:39,0
DA:43,2
DA:44,2
DA:45,2
DA:46,2
LF:15
LH:14
BRDA:37,0,0,1
BRDA:37,0,1,1
BRDA:38,1,0,1
BRDA:38,1,1,0
BRDA:38,2,0,1
BRDA:38,2,1,0
BRDA:50,3,0,2
BRDA:50,3,1,1
BRDA:138,4,0,2
BRDA:138,4,1,1
BRF:10
BRH:8
end_of_record
TN:
SF:src\assets\sounds\add-log.mp3
FNF:0
FNH:0
LF:0
LH:0
BRF:0
BRH:0
end_of_record
TN:
SF:src\assets\sounds\delete-log.mp3
FNF:0
FNH:0
LF:0
LH:0
BRF:0
BRH:0
end_of_record
TN:
SF:src\components\Footer.jsx
FN:4,(anonymous_0)
FNF:1
FNH:1
FNDA:1,(anonymous_0)
DA:4,1
DA:5,1
LF:2
LH:2
BRF:0
BRH:0
end_of_record
TN:
SF:src\components\HealthDisclaimer.jsx
FN:3,(anonymous_0)
FNF:1
FNH:0
FNDA:0,(anonymous_0)
DA:3,1
DA:4,0
LF:2
LH:1
BRF:0
BRH:0
end_of_record
TN:
SF:src\components\Navbar.jsx
FN:6,(anonymous_0)
FN:16,(anonymous_1)
FN:18,(anonymous_2)
FN:20,(anonymous_3)
FN:24,(anonymous_4)
FN:31,(anonymous_5)
FN:53,(anonymous_6)
FN:63,(anonymous_7)
FN:64,(anonymous_8)
FN:71,(anonymous_9)
FN:76,(anonymous_10)
FN:80,(anonymous_11)
FN:107,(anonymous_12)
FN:134,(anonymous_13)
FN:139,(anonymous_14)
FN:221,(anonymous_15)
FN:226,(anonymous_16)
FN:238,(anonymous_17)
FN:243,(anonymous_18)
FN:255,(anonymous_19)
FN:275,(anonymous_20)
FN:282,(anonymous_21)
FNF:22
FNH:7
FNDA:2,(anonymous_0)
FNDA:1,(anonymous_1)
FNDA:1,(anonymous_2)
FNDA:0,(anonymous_3)
FNDA:0,(anonymous_4)
FNDA:0,(anonymous_5)
FNDA:1,(anonymous_6)
FNDA:1,(anonymous_7)
FNDA:0,(anonymous_8)
FNDA:1,(anonymous_9)
FNDA:0,(anonymous_10)
FNDA:0,(anonymous_11)
FNDA:10,(anonymous_12)
FNDA:0,(anonymous_13)
FNDA:0,(anonymous_14)
FNDA:0,(anonymous_15)
FNDA:0,(anonymous_16)
FNDA:0,(anonymous_17)
FNDA:0,(anonymous_18)
FNDA:0,(anonymous_19)
FNDA:0,(anonymous_20)
FNDA:0,(anonymous_21)
DA:6,1
DA:7,2
DA:8,2
DA:9,2
DA:10,2
DA:11,2
DA:14,2
DA:16,2
DA:17,1
DA:18,1
DA:20,2
DA:21,0
DA:22,0
DA:24,0
DA:25,0
DA:26,0
DA:31,2
DA:32,0
DA:33,0
DA:34,0
DA:38,2
DA:47,2
DA:53,2
DA:54,1
DA:55,1
DA:56,1
DA:60,2
DA:63,2
DA:64,1
DA:65,0
DA:66,0
DA:70,1
DA:71,1
DA:72,1
DA:76,2
DA:77,0
DA:80,2
DA:81,0
DA:84,2
DA:108,10
DA:135,0
DA:139,0
DA:222,0
DA:226,0
DA:239,0
DA:243,0
DA:255,0
DA:275,0
DA:282,0
LF:49
LH:28
BRDA:55,0,0,0
BRDA:55,0,1,1
BRDA:65,1,0,0
BRDA:65,1,1,0
BRDA:65,2,0,0
BRDA:65,2,1,0
BRDA:99,3,0,0
BRDA:99,3,1,2
BRDA:101,4,0,0
BRDA:101,4,1,2
BRDA:111,5,0,0
BRDA:111,5,1,10
BRDA:125,6,0,0
BRDA:125,6,1,2
BRDA:128,7,0,2
BRDA:128,7,1,0
BRDA:138,8,0,0
BRDA:138,8,1,0
BRDA:149,9,0,0
BRDA:149,9,1,2
BRDA:151,10,0,0
BRDA:151,10,1,0
BRDA:196,11,0,0
BRDA:196,11,1,2
BRDA:217,12,0,2
BRDA:217,12,1,0
BRDA:225,13,0,0
BRDA:225,13,1,0
BRDA:242,14,0,0
BRDA:242,14,1,0
BRDA:249,15,0,0
BRDA:249,15,1,0
BRDA:251,16,0,0
BRDA:251,16,1,0
BRDA:261,17,0,0
BRDA:261,17,1,0
BRDA:261,17,2,0
BRF:37
BRH:9
end_of_record
TN:
SF:src\components\ProtectedRoute.jsx
FN:5,(anonymous_0)
FNF:1
FNH:0
FNDA:0,(anonymous_0)
DA:5,1
DA:6,0
DA:9,0
DA:10,0
DA:17,0
DA:18,0
DA:20,0
DA:21,0
DA:24,0
DA:25,0
DA:28,0
LF:11
LH:1
BRDA:5,0,0,0
BRDA:9,1,0,0
BRDA:9,1,1,0
BRDA:18,2,0,0
BRDA:18,2,1,0
BRDA:20,3,0,0
BRDA:20,3,1,0
BRDA:24,4,0,0
BRDA:24,4,1,0
BRDA:24,5,0,0
BRDA:24,5,1,0
BRF:11
BRH:0
end_of_record
TN:
SF:src\components\charts\AreaChart.jsx
FN:32,(anonymous_0)
FN:34,(anonymous_1)
FN:38,(anonymous_2)
FNF:3
FNH:0
FNDA:0,(anonymous_0)
FNDA:0,(anonymous_1)
FNDA:0,(anonymous_2)
DA:16,1
DA:17,1
DA:27,1
DA:29,0
DA:32,1
DA:34,0
DA:35,0
DA:36,0
DA:38,0
DA:39,0
DA:43,0
DA:169,0
DA:170,0
DA:171,0
DA:172,0
DA:179,0
DA:180,0
DA:186,0
DA:187,0
LF:19
LH:4
BRDA:46,0,0,0
BRDA:46,0,1,0
BRDA:66,1,0,0
BRDA:66,1,1,0
BRDA:95,2,0,0
BRDA:95,2,1,0
BRDA:121,3,0,0
BRDA:121,3,1,0
BRDA:170,4,0,0
BRDA:170,4,1,0
BRDA:170,5,0,0
BRDA:170,5,1,0
BRDA:170,5,2,0
BRF:13
BRH:0
end_of_record
TN:
SF:src\components\charts\BarChart.jsx
FNF:0
FNH:0
LF:0
LH:0
BRF:0
BRH:0
end_of_record
TN:
SF:src\components\charts\LineChart.jsx
FN:32,(anonymous_0)
FN:34,(anonymous_1)
FN:38,(anonymous_2)
FN:90,(anonymous_3)
FNF:4
FNH:0
FNDA:0,(anonymous_0)
FNDA:0,(anonymous_1)
FNDA:0,(anonymous_2)
FNDA:0,(anonymous_3)
DA:16,1
DA:17,1
DA:27,1
DA:29,0
DA:32,1
DA:34,0
DA:35,0
DA:36,0
DA:38,0
DA:39,0
DA:43,0
DA:91,0
DA:92,0
DA:93,0
DA:95,0
DA:96,0
DA:98,0
DA:180,0
DA:181,0
DA:182,0
DA:183,0
DA:190,0
DA:191,0
DA:197,0
DA:198,0
LF:25
LH:4
BRDA:46,0,0,0
BRDA:46,0,1,0
BRDA:66,1,0,0
BRDA:66,1,1,0
BRDA:91,2,0,0
BRDA:91,2,1,0
BRDA:92,3,0,0
BRDA:92,3,1,0
BRDA:95,4,0,0
BRDA:95,4,1,0
BRDA:107,5,0,0
BRDA:107,5,1,0
BRDA:133,6,0,0
BRDA:133,6,1,0
BRDA:181,7,0,0
BRDA:181,7,1,0
BRDA:181,8,0,0
BRDA:181,8,1,0
BRDA:181,8,2,0
BRF:19
BRH:0
end_of_record
TN:
SF:src\components\charts\PieChart.jsx
FN:22,(anonymous_0)
FN:24,(anonymous_1)
FN:28,(anonymous_2)
FN:82,(anonymous_3)
FN:85,(anonymous_4)
FNF:5
FNH:0
FNDA:0,(anonymous_0)
FNDA:0,(anonymous_1)
FNDA:0,(anonymous_2)
FNDA:0,(anonymous_3)
FNDA:0,(anonymous_4)
DA:11,1
DA:12,1
DA:17,1
DA:19,0
DA:22,1
DA:24,0
DA:25,0
DA:26,0
DA:28,0
DA:29,0
DA:33,0
DA:83,0
DA:84,0
DA:85,0
DA:86,0
DA:87,0
DA:97,0
DA:98,0
DA:99,0
DA:100,0
DA:107,0
DA:108,0
DA:114,0
DA:115,0
LF:24
LH:4
BRDA:36,0,0,0
BRDA:36,0,1,0
BRDA:58,1,0,0
BRDA:58,1,1,0
BRDA:83,2,0,0
BRDA:83,2,1,0
BRDA:84,3,0,0
BRDA:84,3,1,0
BRDA:98,4,0,0
BRDA:98,4,1,0
BRDA:98,5,0,0
BRDA:98,5,1,0
BRDA:98,5,2,0
BRF:13
BRH:0
end_of_record
TN:
SF:src\components\dietfitness\FoodLogger.jsx
FN:5,(anonymous_0)
FN:7,(anonymous_1)
FN:7,(anonymous_2)
FN:14,(anonymous_3)
FN:23,(anonymous_4)
FN:32,(anonymous_5)
FN:36,(anonymous_6)
FN:43,(anonymous_7)
FN:46,(anonymous_8)
FN:47,(anonymous_9)
FN:48,(anonymous_10)
FN:51,(anonymous_11)
FN:51,(anonymous_12)
FN:62,(anonymous_13)
FN:63,(anonymous_14)
FN:66,(anonymous_15)
FN:67,(anonymous_16)
FN:70,(anonymous_17)
FN:81,(anonymous_18)
FN:88,(anonymous_19)
FN:97,(anonymous_20)
FN:99,(anonymous_21)
FN:103,(anonymous_22)
FN:104,(anonymous_23)
FN:119,(anonymous_24)
FN:127,(anonymous_25)
FN:134,(anonymous_26)
FN:137,(anonymous_27)
FN:138,(anonymous_28)
FN:138,(anonymous_29)
FN:141,(anonymous_30)
FN:159,(anonymous_31)
FN:165,(anonymous_32)
FN:175,(anonymous_33)
FN:178,(anonymous_34)
FN:193,(anonymous_35)
FNF:36
FNH:0
FNDA:0,(anonymous_0)
FNDA:0,(anonymous_1)
FNDA:0,(anonymous_2)
FNDA:0,(anonymous_3)
FNDA:0,(anonymous_4)
FNDA:0,(anonymous_5)
FNDA:0,(anonymous_6)
FNDA:0,(anonymous_7)
FNDA:0,(anonymous_8)
FNDA:0,(anonymous_9)
FNDA:0,(anonymous_10)
FNDA:0,(anonymous_11)
FNDA:0,(anonymous_12)
FNDA:0,(anonymous_13)
FNDA:0,(anonymous_14)
FNDA:0,(anonymous_15)
FNDA:0,(anonymous_16)
FNDA:0,(anonymous_17)
FNDA:0,(anonymous_18)
FNDA:0,(anonymous_19)
FNDA:0,(anonymous_20)
FNDA:0,(anonymous_21)
FNDA:0,(anonymous_22)
FNDA:0,(anonymous_23)
FNDA:0,(anonymous_24)
FNDA:0,(anonymous_25)
FNDA:0,(anonymous_26)
FNDA:0,(anonymous_27)
FNDA:0,(anonymous_28)
FNDA:0,(anonymous_29)
FNDA:0,(anonymous_30)
FNDA:0,(anonymous_31)
FNDA:0,(anonymous_32)
FNDA:0,(anonymous_33)
FNDA:0,(anonymous_34)
FNDA:0,(anonymous_35)
DA:5,1
DA:7,1
DA:14,1
DA:15,0
DA:16,0
DA:17,0
DA:18,0
DA:19,0
DA:20,0
DA:21,0
DA:23,0
DA:24,0
DA:25,0
DA:26,0
DA:28,0
DA:32,0
DA:33,0
DA:36,0
DA:37,0
DA:38,0
DA:39,0
DA:40,0
DA:41,0
DA:43,0
DA:45,0
DA:46,0
DA:47,0
DA:48,0
DA:51,0
DA:52,0
DA:54,0
DA:56,0
DA:58,0
DA:62,0
DA:63,0
DA:66,0
DA:67,0
DA:70,0
DA:71,0
DA:72,0
DA:73,0
DA:74,0
DA:80,0
DA:81,0
DA:82,0
DA:84,0
DA:88,0
DA:90,0
DA:97,0
DA:99,0
DA:103,0
DA:104,0
DA:120,0
DA:127,0
DA:134,0
DA:137,0
DA:138,0
DA:141,0
DA:160,0
DA:165,0
DA:175,1
DA:176,0
DA:177,0
DA:178,0
DA:179,0
DA:180,0
DA:181,0
DA:182,0
DA:184,0
DA:186,0
DA:189,0
DA:193,0
LF:72
LH:4
BRDA:8,0,0,0
BRDA:8,0,1,0
BRDA:9,1,0,0
BRDA:9,1,1,0
BRDA:10,2,0,0
BRDA:10,2,1,0
BRDA:11,3,0,0
BRDA:11,3,1,0
BRDA:23,4,0,0
BRDA:26,5,0,0
BRDA:26,5,1,0
BRDA:39,6,0,0
BRDA:39,6,1,0
BRDA:39,7,0,0
BRDA:39,7,1,0
BRDA:41,8,0,0
BRDA:41,8,1,0
BRDA:43,9,0,0
BRDA:43,9,1,0
BRDA:46,10,0,0
BRDA:46,10,1,0
BRDA:47,11,0,0
BRDA:47,11,1,0
BRDA:72,12,0,0
BRDA:72,12,1,0
BRDA:109,13,0,0
BRDA:109,13,1,0
BRDA:115,14,0,0
BRDA:115,14,1,0
BRDA:123,15,0,0
BRDA:123,15,1,0
BRDA:123,16,0,0
BRDA:123,16,1,0
BRDA:123,17,0,0
BRDA:123,17,1,0
BRDA:123,18,0,0
BRDA:123,18,1,0
BRDA:125,19,0,0
BRDA:125,19,1,0
BRDA:155,20,0,0
BRDA:155,20,1,0
BRDA:162,21,0,0
BRDA:162,21,1,0
BRDA:163,22,0,0
BRDA:163,22,1,0
BRDA:163,23,0,0
BRDA:163,23,1,0
BRDA:163,24,0,0
BRDA:163,24,1,0
BRDA:163,25,0,0
BRDA:163,25,1,0
BRDA:194,26,0,0
BRDA:194,26,1,0
BRF:53
BRH:0
end_of_record
TN:
SF:src\components\dietfitness\MealPlanner.jsx
FN:5,(anonymous_0)
FN:11,(anonymous_1)
FN:11,(anonymous_2)
FN:13,(anonymous_3)
FN:62,(anonymous_4)
FN:76,(anonymous_5)
FNF:6
FNH:0
FNDA:0,(anonymous_0)
FNDA:0,(anonymous_1)
FNDA:0,(anonymous_2)
FNDA:0,(anonymous_3)
FNDA:0,(anonymous_4)
FNDA:0,(anonymous_5)
DA:5,1
DA:6,0
DA:7,0
DA:8,0
DA:9,0
DA:11,0
DA:13,0
DA:14,0
DA:15,0
DA:16,0
DA:17,0
DA:18,0
DA:20,0
DA:22,0
DA:26,0
DA:63,0
DA:77,0
LF:17
LH:1
BRDA:17,0,0,0
BRDA:17,0,1,0
BRDA:18,1,0,0
BRDA:18,1,1,0
BRDA:55,2,0,0
BRDA:55,2,1,0
BRDA:60,3,0,0
BRDA:60,3,1,0
BRDA:74,4,0,0
BRDA:74,4,1,0
BRF:10
BRH:0
end_of_record
TN:
SF:src\components\dietfitness\ProfileGoals.jsx
FN:5,(anonymous_0)
FN:11,(anonymous_1)
FN:19,(anonymous_2)
FN:20,(anonymous_3)
FN:24,(anonymous_4)
FN:33,(anonymous_5)
FN:35,(anonymous_6)
FN:38,(anonymous_7)
FN:52,(anonymous_8)
FN:63,(anonymous_9)
FN:84,(anonymous_10)
FN:85,(anonymous_11)
FN:86,(anonymous_12)
FNF:13
FNH:0
FNDA:0,(anonymous_0)
FNDA:0,(anonymous_1)
FNDA:0,(anonymous_2)
FNDA:0,(anonymous_3)
FNDA:0,(anonymous_4)
FNDA:0,(anonymous_5)
FNDA:0,(anonymous_6)
FNDA:0,(anonymous_7)
FNDA:0,(anonymous_8)
FNDA:0,(anonymous_9)
FNDA:0,(anonymous_10)
FNDA:0,(anonymous_11)
FNDA:0,(anonymous_12)
DA:5,1
DA:6,0
DA:7,0
DA:8,0
DA:11,1
DA:12,0
DA:13,0
DA:17,0
DA:19,0
DA:20,0
DA:21,0
DA:22,0
DA:23,0
DA:24,0
DA:28,0
DA:33,0
DA:34,0
DA:35,0
DA:38,0
DA:40,0
DA:41,0
DA:46,0
DA:47,0
DA:48,0
DA:49,0
DA:50,0
DA:52,0
DA:60,0
DA:63,0
DA:64,0
DA:65,0
DA:66,0
DA:67,0
DA:68,0
DA:70,0
DA:72,0
DA:76,0
DA:84,0
DA:85,0
DA:86,0
LF:40
LH:2
BRDA:5,0,0,0
BRDA:6,1,0,0
BRDA:6,1,1,0
BRDA:6,2,0,0
BRDA:6,2,1,0
BRDA:24,3,0,0
BRDA:24,3,1,0
BRDA:40,4,0,0
BRDA:40,4,1,0
BRDA:46,5,0,0
BRDA:46,5,1,0
BRDA:89,6,0,0
BRDA:89,6,1,0
BRDA:95,7,0,0
BRDA:95,7,1,0
BRDA:99,8,0,0
BRDA:99,8,1,0
BRDA:107,9,0,0
BRDA:107,9,1,0
BRDA:111,10,0,0
BRDA:111,10,1,0
BRDA:115,11,0,0
BRDA:115,11,1,0
BRDA:124,12,0,0
BRDA:124,12,1,0
BRDA:132,13,0,0
BRDA:132,13,1,0
BRDA:140,14,0,0
BRDA:140,14,1,0
BRDA:145,15,0,0
BRDA:145,15,1,0
BRDA:149,16,0,0
BRDA:149,16,1,0
BRDA:153,17,0,0
BRDA:153,17,1,0
BRDA:157,18,0,0
BRDA:157,18,1,0
BRF:37
BRH:0
end_of_record
TN:
SF:src\components\dietfitness\RecipeLibrary.jsx
FN:4,(anonymous_0)
FN:18,(anonymous_1)
FN:20,(anonymous_2)
FN:28,(anonymous_3)
FN:41,(anonymous_4)
FN:44,(anonymous_5)
FN:47,(anonymous_6)
FN:49,(anonymous_7)
FN:53,(anonymous_8)
FN:59,(anonymous_9)
FN:66,(anonymous_10)
FN:66,(anonymous_11)
FN:66,(anonymous_12)
FN:66,(anonymous_13)
FN:69,(anonymous_14)
FN:70,(anonymous_15)
FN:76,(anonymous_16)
FN:81,(anonymous_17)
FN:82,(anonymous_18)
FN:83,(anonymous_19)
FN:85,(anonymous_20)
FN:88,(anonymous_21)
FN:93,(anonymous_22)
FN:101,(anonymous_23)
FN:107,(anonymous_24)
FN:122,(anonymous_25)
FN:123,(anonymous_26)
FN:126,(anonymous_27)
FN:134,(anonymous_28)
FN:142,(anonymous_29)
FNF:30
FNH:12
FNDA:5,(anonymous_0)
FNDA:1,(anonymous_1)
FNDA:2,(anonymous_2)
FNDA:6,(anonymous_3)
FNDA:1,(anonymous_4)
FNDA:1,(anonymous_5)
FNDA:1,(anonymous_6)
FNDA:0,(anonymous_7)
FNDA:0,(anonymous_8)
FNDA:1,(anonymous_9)
FNDA:0,(anonymous_10)
FNDA:0,(anonymous_11)
FNDA:0,(anonymous_12)
FNDA:0,(anonymous_13)
FNDA:0,(anonymous_14)
FNDA:0,(anonymous_15)
FNDA:0,(anonymous_16)
FNDA:1,(anonymous_17)
FNDA:1,(anonymous_18)
FNDA:0,(anonymous_19)
FNDA:0,(anonymous_20)
FNDA:0,(anonymous_21)
FNDA:6,(anonymous_22)
FNDA:6,(anonymous_23)
FNDA:0,(anonymous_24)
FNDA:0,(anonymous_25)
FNDA:0,(anonymous_26)
FNDA:0,(anonymous_27)
FNDA:0,(anonymous_28)
FNDA:0,(anonymous_29)
DA:4,2
DA:5,5
DA:6,5
DA:7,5
DA:8,5
DA:9,5
DA:10,5
DA:11,5
DA:12,5
DA:13,5
DA:14,5
DA:15,5
DA:16,5
DA:18,5
DA:20,5
DA:21,2
DA:22,2
DA:23,2
DA:24,2
DA:26,2
DA:27,2
DA:28,2
DA:29,6
DA:30,4
DA:31,4
DA:34,2
DA:36,2
DA:41,5
DA:44,5
DA:47,5
DA:48,1
DA:49,1
DA:51,0
DA:52,0
DA:53,0
DA:54,0
DA:55,0
DA:56,0
DA:57,0
DA:59,1
DA:62,5
DA:66,0
DA:70,0
DA:76,0
DA:81,1
DA:82,1
DA:83,0
DA:85,0
DA:88,0
DA:94,6
DA:102,6
DA:109,0
DA:110,0
DA:122,0
DA:123,0
DA:126,0
DA:135,0
DA:143,0
LF:58
LH:38
BRDA:18,0,0,1
BRDA:18,0,1,0
BRDA:18,1,0,0
BRDA:18,1,1,0
BRDA:20,2,0,2
BRDA:22,3,0,2
BRDA:22,3,1,0
BRDA:24,4,0,2
BRDA:24,4,1,2
BRDA:24,5,0,2
BRDA:24,5,1,2
BRDA:24,6,0,2
BRDA:24,6,1,2
BRDA:28,7,0,2
BRDA:28,7,1,0
BRDA:29,8,0,4
BRDA:29,8,1,2
BRDA:29,9,0,6
BRDA:29,9,1,6
BRDA:29,10,0,6
BRDA:29,10,1,0
BRDA:31,11,0,4
BRDA:31,11,1,0
BRDA:48,12,0,0
BRDA:48,12,1,1
BRDA:52,13,0,0
BRDA:52,13,1,0
BRDA:53,14,0,0
BRDA:53,14,1,0
BRDA:59,15,0,1
BRDA:59,15,1,1
BRDA:67,16,0,5
BRDA:67,16,1,0
BRDA:67,16,2,0
BRDA:91,17,0,5
BRDA:91,17,1,1
BRDA:99,18,0,5
BRDA:99,18,1,4
BRDA:106,19,0,3
BRDA:106,19,1,3
BRDA:115,20,0,4
BRDA:115,20,1,1
BRDA:121,21,0,5
BRDA:121,21,1,0
BRDA:129,22,0,0
BRDA:129,22,1,0
BRDA:134,23,0,0
BRDA:134,23,1,0
BRDA:135,24,0,0
BRDA:135,24,1,0
BRDA:135,25,0,0
BRDA:135,25,1,0
BRDA:135,26,0,0
BRDA:135,26,1,0
BRDA:142,27,0,0
BRDA:142,27,1,0
BRF:56
BRH:29
end_of_record
TN:
SF:src\components\dietfitness\Reminders.jsx
FN:6,(anonymous_0)
FN:15,(anonymous_1)
FN:19,(anonymous_2)
FN:20,(anonymous_3)
FN:28,(anonymous_4)
FN:30,(anonymous_5)
FN:40,(anonymous_6)
FN:47,(anonymous_7)
FN:56,(anonymous_8)
FN:63,(anonymous_9)
FN:64,(anonymous_10)
FN:66,(anonymous_11)
FN:94,(anonymous_12)
FN:99,(anonymous_13)
FN:107,(anonymous_14)
FN:112,(anonymous_15)
FNF:16
FNH:0
FNDA:0,(anonymous_0)
FNDA:0,(anonymous_1)
FNDA:0,(anonymous_2)
FNDA:0,(anonymous_3)
FNDA:0,(anonymous_4)
FNDA:0,(anonymous_5)
FNDA:0,(anonymous_6)
FNDA:0,(anonymous_7)
FNDA:0,(anonymous_8)
FNDA:0,(anonymous_9)
FNDA:0,(anonymous_10)
FNDA:0,(anonymous_11)
FNDA:0,(anonymous_12)
FNDA:0,(anonymous_13)
FNDA:0,(anonymous_14)
FNDA:0,(anonymous_15)
DA:6,1
DA:7,0
DA:8,0
DA:9,0
DA:10,0
DA:11,0
DA:12,0
DA:13,0
DA:15,0
DA:16,0
DA:17,0
DA:18,0
DA:19,0
DA:20,0
DA:21,0
DA:22,0
DA:28,0
DA:30,0
DA:31,0
DA:32,0
DA:33,0
DA:34,0
DA:36,0
DA:40,0
DA:42,0
DA:44,0
DA:45,0
DA:46,0
DA:47,0
DA:48,0
DA:49,0
DA:50,0
DA:51,0
DA:56,0
DA:57,0
DA:58,0
DA:63,0
DA:64,0
DA:66,0
DA:67,0
DA:68,0
DA:69,0
DA:70,0
DA:71,0
DA:72,0
DA:73,0
DA:74,0
DA:75,0
DA:77,0
DA:80,0
DA:82,0
DA:86,0
DA:94,0
DA:99,0
DA:107,0
DA:112,0
LF:56
LH:1
BRDA:18,0,0,0
BRDA:18,0,1,0
BRDA:19,1,0,0
BRDA:19,1,1,0
BRDA:20,2,0,0
BRDA:20,2,1,0
BRDA:21,3,0,0
BRDA:21,3,1,0
BRDA:22,4,0,0
BRDA:22,4,1,0
BRDA:44,5,0,0
BRDA:44,5,1,0
BRDA:45,6,0,0
BRDA:45,6,1,0
BRDA:46,7,0,0
BRDA:46,7,1,0
BRDA:57,8,0,0
BRDA:57,8,1,0
BRDA:70,9,0,0
BRDA:70,9,1,0
BRDA:70,10,0,0
BRDA:70,10,1,0
BRDA:73,11,0,0
BRDA:73,11,1,0
BRDA:80,12,0,0
BRDA:80,12,1,0
BRDA:120,13,0,0
BRDA:120,13,1,0
BRF:28
BRH:0
end_of_record
TN:
SF:src\components\dietfitness\WorkoutPlanner.jsx
FN:5,(anonymous_0)
FN:13,(anonymous_1)
FN:19,(anonymous_2)
FN:20,(anonymous_3)
FN:21,(anonymous_4)
FN:30,(anonymous_5)
FN:39,(anonymous_6)
FN:40,(anonymous_7)
FN:42,(anonymous_8)
FN:52,(anonymous_9)
FN:67,(anonymous_10)
FN:75,(anonymous_11)
FN:79,(anonymous_12)
FN:88,(anonymous_13)
FN:93,(anonymous_14)
FN:103,(anonymous_15)
FN:110,(anonymous_16)
FN:111,(anonymous_17)
FNF:18
FNH:0
FNDA:0,(anonymous_0)
FNDA:0,(anonymous_1)
FNDA:0,(anonymous_2)
FNDA:0,(anonymous_3)
FNDA:0,(anonymous_4)
FNDA:0,(anonymous_5)
FNDA:0,(anonymous_6)
FNDA:0,(anonymous_7)
FNDA:0,(anonymous_8)
FNDA:0,(anonymous_9)
FNDA:0,(anonymous_10)
FNDA:0,(anonymous_11)
FNDA:0,(anonymous_12)
FNDA:0,(anonymous_13)
FNDA:0,(anonymous_14)
FNDA:0,(anonymous_15)
FNDA:0,(anonymous_16)
FNDA:0,(anonymous_17)
DA:5,1
DA:6,0
DA:7,0
DA:8,0
DA:9,0
DA:10,0
DA:11,0
DA:13,0
DA:14,0
DA:15,0
DA:16,0
DA:17,0
DA:19,0
DA:20,0
DA:21,0
DA:22,0
DA:24,0
DA:26,0
DA:30,0
DA:31,0
DA:32,0
DA:33,0
DA:35,0
DA:39,0
DA:40,0
DA:42,0
DA:43,0
DA:44,0
DA:45,0
DA:46,0
DA:48,0
DA:52,0
DA:53,0
DA:54,0
DA:55,0
DA:57,0
DA:61,0
DA:67,0
DA:75,0
DA:79,0
DA:89,0
DA:93,0
DA:104,0
DA:110,0
DA:111,0
LF:45
LH:1
BRDA:16,0,0,0
BRDA:16,0,1,0
BRDA:17,1,0,0
BRDA:17,1,1,0
BRDA:19,2,0,0
BRDA:19,2,1,0
BRDA:19,3,0,0
BRDA:19,3,1,0
BRDA:33,4,0,0
BRDA:33,4,1,0
BRDA:86,5,0,0
BRDA:86,5,1,0
BRDA:96,6,0,0
BRDA:96,6,1,0
BRDA:115,7,0,0
BRDA:115,7,1,0
BRF:16
BRH:0
end_of_record
TN:
SF:src\components\profile\UserProfileForm.jsx
FN:19,UserProfileForm
FN:20,(anonymous_1)
FN:48,(anonymous_2)
FN:49,(anonymous_3)
FN:50,(anonymous_4)
FN:56,(anonymous_5)
FN:64,(anonymous_6)
FN:72,(anonymous_7)
FN:73,(anonymous_8)
FN:74,(anonymous_9)
FN:81,(anonymous_10)
FN:88,(anonymous_11)
FN:89,(anonymous_12)
FN:90,(anonymous_13)
FN:91,(anonymous_14)
FN:92,(anonymous_15)
FN:100,(anonymous_16)
FN:101,(anonymous_17)
FN:104,(anonymous_18)
FN:108,(anonymous_19)
FN:110,(anonymous_20)
FN:113,(anonymous_21)
FN:120,(anonymous_22)
FN:127,(anonymous_23)
FN:130,(anonymous_24)
FN:135,(anonymous_25)
FN:139,(anonymous_26)
FN:142,(anonymous_27)
FN:143,(anonymous_28)
FN:148,(anonymous_29)
FN:149,(anonymous_30)
FN:154,(anonymous_31)
FN:178,(anonymous_32)
FN:234,(anonymous_33)
FN:250,(anonymous_34)
FN:272,(anonymous_35)
FN:288,(anonymous_36)
FN:307,(anonymous_37)
FN:350,(anonymous_38)
FN:366,(anonymous_39)
FN:384,(anonymous_40)
FN:400,(anonymous_41)
FN:422,(anonymous_42)
FN:435,(anonymous_43)
FN:457,(anonymous_44)
FNF:45
FNH:0
FNDA:0,UserProfileForm
FNDA:0,(anonymous_1)
FNDA:0,(anonymous_2)
FNDA:0,(anonymous_3)
FNDA:0,(anonymous_4)
FNDA:0,(anonymous_5)
FNDA:0,(anonymous_6)
FNDA:0,(anonymous_7)
FNDA:0,(anonymous_8)
FNDA:0,(anonymous_9)
FNDA:0,(anonymous_10)
FNDA:0,(anonymous_11)
FNDA:0,(anonymous_12)
FNDA:0,(anonymous_13)
FNDA:0,(anonymous_14)
FNDA:0,(anonymous_15)
FNDA:0,(anonymous_16)
FNDA:0,(anonymous_17)
FNDA:0,(anonymous_18)
FNDA:0,(anonymous_19)
FNDA:0,(anonymous_20)
FNDA:0,(anonymous_21)
FNDA:0,(anonymous_22)
FNDA:0,(anonymous_23)
FNDA:0,(anonymous_24)
FNDA:0,(anonymous_25)
FNDA:0,(anonymous_26)
FNDA:0,(anonymous_27)
FNDA:0,(anonymous_28)
FNDA:0,(anonymous_29)
FNDA:0,(anonymous_30)
FNDA:0,(anonymous_31)
FNDA:0,(anonymous_32)
FNDA:0,(anonymous_33)
FNDA:0,(anonymous_34)
FNDA:0,(anonymous_35)
FNDA:0,(anonymous_36)
FNDA:0,(anonymous_37)
FNDA:0,(anonymous_38)
FNDA:0,(anonymous_39)
FNDA:0,(anonymous_40)
FNDA:0,(anonymous_41)
FNDA:0,(anonymous_42)
FNDA:0,(anonymous_43)
FNDA:0,(anonymous_44)
DA:20,0
DA:21,0
DA:23,0
DA:39,0
DA:40,0
DA:41,0
DA:42,0
DA:43,0
DA:44,0
DA:45,0
DA:48,0
DA:49,0
DA:51,0
DA:52,0
DA:53,0
DA:54,0
DA:57,0
DA:58,0
DA:61,0
DA:62,0
DA:65,0
DA:66,0
DA:67,0
DA:68,0
DA:69,0
DA:70,0
DA:72,0
DA:73,0
DA:75,0
DA:76,0
DA:77,0
DA:78,0
DA:79,0
DA:82,0
DA:83,0
DA:84,0
DA:85,0
DA:86,0
DA:88,0
DA:89,0
DA:90,0
DA:91,0
DA:93,0
DA:94,0
DA:95,0
DA:96,0
DA:100,0
DA:101,0
DA:102,0
DA:103,0
DA:104,0
DA:108,0
DA:109,0
DA:110,0
DA:111,0
DA:112,0
DA:113,0
DA:115,0
DA:116,0
DA:117,0
DA:118,0
DA:119,0
DA:120,0
DA:122,0
DA:127,0
DA:128,0
DA:129,0
DA:130,0
DA:131,0
DA:132,0
DA:134,0
DA:135,0
DA:136,0
DA:138,0
DA:139,0
DA:140,0
DA:142,0
DA:143,0
DA:144,0
DA:145,0
DA:148,0
DA:149,0
DA:150,0
DA:151,0
DA:154,0
DA:155,0
DA:156,0
DA:157,0
DA:158,0
DA:159,0
DA:160,0
DA:164,0
DA:165,0
DA:166,0
DA:167,0
DA:168,0
DA:169,0
DA:171,0
DA:174,0
DA:175,0
DA:178,0
DA:179,0
DA:180,0
DA:181,0
DA:183,0
DA:184,0
DA:185,0
DA:186,0
DA:188,0
DA:189,0
DA:190,0
DA:205,0
DA:207,0
DA:212,0
DA:213,0
DA:214,0
DA:215,0
DA:216,0
DA:217,0
DA:219,0
DA:234,0
DA:250,0
DA:272,0
DA:288,0
DA:307,0
DA:350,0
DA:366,0
DA:384,0
DA:400,0
DA:422,0
DA:435,0
DA:457,0
LF:132
LH:0
BRDA:19,0,0,0
BRDA:19,1,0,0
BRDA:21,2,0,0
BRDA:21,2,1,0
BRDA:24,3,0,0
BRDA:24,3,1,0
BRDA:25,4,0,0
BRDA:25,4,1,0
BRDA:26,5,0,0
BRDA:26,5,1,0
BRDA:27,6,0,0
BRDA:27,6,1,0
BRDA:28,7,0,0
BRDA:28,7,1,0
BRDA:30,8,0,0
BRDA:30,8,1,0
BRDA:31,9,0,0
BRDA:31,9,1,0
BRDA:32,10,0,0
BRDA:32,10,1,0
BRDA:33,11,0,0
BRDA:33,11,1,0
BRDA:34,12,0,0
BRDA:34,12,1,0
BRDA:35,13,0,0
BRDA:35,13,1,0
BRDA:36,14,0,0
BRDA:36,14,1,0
BRDA:49,15,0,0
BRDA:49,15,1,0
BRDA:51,16,0,0
BRDA:51,16,1,0
BRDA:53,17,0,0
BRDA:53,17,1,0
BRDA:57,18,0,0
BRDA:57,18,1,0
BRDA:58,19,0,0
BRDA:58,19,1,0
BRDA:58,20,0,0
BRDA:58,20,1,0
BRDA:61,21,0,0
BRDA:61,21,1,0
BRDA:62,22,0,0
BRDA:62,22,1,0
BRDA:65,23,0,0
BRDA:65,23,1,0
BRDA:68,24,0,0
BRDA:68,24,1,0
BRDA:69,25,0,0
BRDA:69,25,1,0
BRDA:75,26,0,0
BRDA:75,26,1,0
BRDA:75,27,0,0
BRDA:75,27,1,0
BRDA:75,27,2,0
BRDA:77,28,0,0
BRDA:77,28,1,0
BRDA:77,29,0,0
BRDA:77,29,1,0
BRDA:78,30,0,0
BRDA:78,30,1,0
BRDA:82,31,0,0
BRDA:82,31,1,0
BRDA:82,32,0,0
BRDA:82,32,1,0
BRDA:82,32,2,0
BRDA:84,33,0,0
BRDA:84,33,1,0
BRDA:84,34,0,0
BRDA:84,34,1,0
BRDA:85,35,0,0
BRDA:85,35,1,0
BRDA:91,36,0,0
BRDA:91,36,1,0
BRDA:93,37,0,0
BRDA:93,37,1,0
BRDA:95,38,0,0
BRDA:95,38,1,0
BRDA:95,39,0,0
BRDA:95,39,1,0
BRDA:102,40,0,0
BRDA:102,40,1,0
BRDA:103,41,0,0
BRDA:103,41,1,0
BRDA:111,42,0,0
BRDA:111,42,1,0
BRDA:115,43,0,0
BRDA:115,43,1,0
BRDA:115,44,0,0
BRDA:115,44,1,0
BRDA:115,44,2,0
BRDA:120,45,0,0
BRDA:120,45,1,0
BRDA:128,46,0,0
BRDA:128,46,1,0
BRDA:129,47,0,0
BRDA:129,47,1,0
BRDA:134,48,0,0
BRDA:134,48,1,0
BRDA:138,49,0,0
BRDA:138,49,1,0
BRDA:151,50,0,0
BRDA:151,50,1,0
BRDA:158,51,0,0
BRDA:158,51,1,0
BRDA:160,52,0,0
BRDA:160,52,1,0
BRDA:164,53,0,0
BRDA:164,53,1,0
BRDA:164,54,0,0
BRDA:164,54,1,0
BRDA:169,55,0,0
BRDA:169,55,1,0
BRDA:181,56,0,0
BRDA:181,56,1,0
BRDA:185,57,0,0
BRDA:185,57,1,0
BRDA:195,58,0,0
BRDA:195,58,1,0
BRDA:196,59,0,0
BRDA:196,59,1,0
BRDA:197,60,0,0
BRDA:197,60,1,0
BRDA:198,61,0,0
BRDA:198,61,1,0
BRDA:199,62,0,0
BRDA:199,62,1,0
BRDA:200,63,0,0
BRDA:200,63,1,0
BRDA:202,64,0,0
BRDA:202,64,1,0
BRDA:203,65,0,0
BRDA:203,65,1,0
BRDA:205,66,0,0
BRDA:205,66,1,0
BRDA:221,67,0,0
BRDA:221,67,1,0
BRDA:222,68,0,0
BRDA:222,68,1,0
BRDA:238,69,0,0
BRDA:238,69,1,0
BRDA:240,70,0,0
BRDA:240,70,1,0
BRDA:254,71,0,0
BRDA:254,71,1,0
BRDA:254,72,0,0
BRDA:254,72,1,0
BRDA:256,73,0,0
BRDA:256,73,1,0
BRDA:257,74,0,0
BRDA:257,74,1,0
BRDA:257,74,2,0
BRDA:258,75,0,0
BRDA:258,75,1,0
BRDA:276,76,0,0
BRDA:276,76,1,0
BRDA:278,77,0,0
BRDA:278,77,1,0
BRDA:292,78,0,0
BRDA:292,78,1,0
BRDA:294,79,0,0
BRDA:294,79,1,0
BRDA:328,80,0,0
BRDA:328,80,1,0
BRDA:329,81,0,0
BRDA:329,81,1,0
BRDA:353,82,0,0
BRDA:353,82,1,0
BRDA:355,83,0,0
BRDA:355,83,1,0
BRDA:369,84,0,0
BRDA:369,84,1,0
BRDA:371,85,0,0
BRDA:371,85,1,0
BRDA:439,86,0,0
BRDA:439,86,1,0
BRDA:441,87,0,0
BRDA:441,87,1,0
BRDA:460,88,0,0
BRDA:460,88,1,0
BRDA:463,89,0,0
BRDA:463,89,1,0
BRDA:472,90,0,0
BRDA:472,90,1,0
BRDA:474,91,0,0
BRDA:474,91,1,0
BRDA:474,92,0,0
BRDA:474,92,1,0
BRDA:474,93,0,0
BRDA:474,93,1,0
BRF:190
BRH:0
end_of_record
TN:
SF:src\context\AuthContext.jsx
FN:8,(anonymous_0)
FN:17,(anonymous_1)
FN:24,(anonymous_2)
FN:25,(anonymous_3)
FN:77,(anonymous_4)
FN:107,(anonymous_5)
FN:117,(anonymous_6)
FN:162,(anonymous_7)
FN:167,(anonymous_8)
FN:168,(anonymous_9)
FN:178,(anonymous_10)
FNF:11
FNH:4
FNDA:7,(anonymous_0)
FNDA:5,(anonymous_1)
FNDA:2,(anonymous_2)
FNDA:2,(anonymous_3)
FNDA:0,(anonymous_4)
FNDA:0,(anonymous_5)
FNDA:0,(anonymous_6)
FNDA:0,(anonymous_7)
FNDA:0,(anonymous_8)
FNDA:0,(anonymous_9)
FNDA:0,(anonymous_10)
DA:5,2
DA:8,2
DA:9,7
DA:10,7
DA:11,0
DA:13,7
DA:17,2
DA:18,5
DA:19,5
DA:20,5
DA:21,5
DA:24,5
DA:25,2
DA:26,2
DA:28,2
DA:29,2
DA:30,2
DA:31,2
DA:32,2
DA:35,2
DA:36,0
DA:37,0
DA:40,2
DA:41,2
DA:42,2
DA:43,0
DA:44,0
DA:46,0
DA:47,0
DA:48,0
DA:49,0
DA:51,0
DA:53,0
DA:54,0
DA:55,0
DA:56,0
DA:57,0
DA:58,0
DA:61,0
DA:62,0
DA:63,0
DA:64,0
DA:65,0
DA:68,2
DA:71,2
DA:77,5
DA:78,0
DA:79,0
DA:80,0
DA:81,0
DA:82,0
DA:84,0
DA:85,0
DA:86,0
DA:87,0
DA:88,0
DA:90,0
DA:93,0
DA:94,0
DA:95,0
DA:96,0
DA:98,0
DA:99,0
DA:100,0
DA:102,0
DA:107,5
DA:108,0
DA:109,0
DA:110,0
DA:111,0
DA:112,0
DA:113,0
DA:117,5
DA:118,0
DA:119,0
DA:120,0
DA:121,0
DA:122,0
DA:123,0
DA:126,0
DA:129,0
DA:131,0
DA:136,0
DA:138,0
DA:141,0
DA:142,0
DA:143,0
DA:148,0
DA:149,0
DA:151,0
DA:153,0
DA:154,0
DA:155,0
DA:157,0
DA:162,5
DA:163,0
DA:167,5
DA:168,0
DA:169,0
DA:170,0
DA:171,0
DA:173,0
DA:178,5
DA:179,0
DA:180,0
DA:181,0
DA:183,0
DA:184,0
DA:185,0
DA:186,0
DA:187,0
DA:188,0
DA:189,0
DA:191,0
DA:193,0
DA:194,0
DA:198,5
DA:211,5
LF:118
LH:32
BRDA:10,0,0,0
BRDA:10,0,1,7
BRDA:35,1,0,0
BRDA:35,1,1,2
BRDA:35,2,0,2
BRDA:35,2,1,2
BRDA:35,2,2,0
BRDA:40,3,0,2
BRDA:40,3,1,2
BRDA:41,4,0,2
BRDA:41,4,1,2
BRDA:41,5,0,0
BRDA:41,5,1,2
BRDA:42,6,0,0
BRDA:42,6,1,2
BRDA:42,7,0,2
BRDA:42,7,1,0
BRDA:49,8,0,0
BRDA:49,8,1,0
BRDA:77,9,0,0
BRDA:77,10,0,0
BRDA:84,11,0,0
BRDA:84,11,1,0
BRDA:87,12,0,0
BRDA:87,12,1,0
BRDA:93,13,0,0
BRDA:93,13,1,0
BRDA:94,14,0,0
BRDA:94,14,1,0
BRDA:98,15,0,0
BRDA:98,15,1,0
BRDA:126,16,0,0
BRDA:126,16,1,0
BRDA:126,17,0,0
BRDA:126,17,1,0
BRDA:129,18,0,0
BRDA:129,18,1,0
BRDA:129,19,0,0
BRDA:129,19,1,0
BRDA:133,20,0,0
BRDA:133,20,1,0
BRDA:142,21,0,0
BRDA:142,21,1,0
BRDA:148,22,0,0
BRDA:148,22,1,0
BRDA:153,23,0,0
BRDA:153,23,1,0
BRDA:169,24,0,0
BRDA:169,24,1,0
BRDA:179,25,0,0
BRDA:179,25,1,0
BRDA:180,26,0,0
BRDA:180,26,1,0
BRDA:184,27,0,0
BRDA:184,27,1,0
BRDA:187,28,0,0
BRDA:187,28,1,0
BRDA:187,29,0,0
BRDA:187,29,1,0
BRF:59
BRH:11
end_of_record
TN:
SF:src\pages\AdminDashboard.jsx
FN:5,(anonymous_0)
FN:12,(anonymous_1)
FN:13,(anonymous_2)
FN:67,(anonymous_3)
FNF:4
FNH:0
FNDA:0,(anonymous_0)
FNDA:0,(anonymous_1)
FNDA:0,(anonymous_2)
FNDA:0,(anonymous_3)
DA:5,1
DA:6,0
DA:7,0
DA:8,0
DA:10,0
DA:12,0
DA:13,0
DA:14,0
DA:15,0
DA:16,0
DA:17,0
DA:19,0
DA:20,0
DA:24,0
DA:27,0
DA:28,0
DA:35,0
DA:36,0
DA:43,0
DA:68,0
LF:20
LH:1
BRDA:19,0,0,0
BRDA:19,0,1,0
BRDA:27,1,0,0
BRDA:27,1,1,0
BRDA:35,2,0,0
BRDA:35,2,1,0
BRDA:73,3,0,0
BRDA:73,3,1,0
BRF:8
BRH:0
end_of_record
TN:
SF:src\pages\Dashboard.jsx
FN:20,(anonymous_0)
FN:56,(anonymous_1)
FN:61,(anonymous_2)
FN:71,(anonymous_3)
FN:90,(anonymous_4)
FN:91,(anonymous_5)
FN:114,(anonymous_6)
FN:155,(anonymous_7)
FN:160,(anonymous_8)
FN:164,(anonymous_9)
FN:169,(anonymous_10)
FN:186,(anonymous_11)
FN:195,(anonymous_12)
FN:213,(anonymous_13)
FN:218,(anonymous_14)
FN:222,(anonymous_15)
FN:223,(anonymous_16)
FN:233,(anonymous_17)
FN:241,(anonymous_18)
FN:242,(anonymous_19)
FN:243,(anonymous_20)
FN:244,(anonymous_21)
FN:256,(anonymous_22)
FN:274,(anonymous_23)
FN:275,(anonymous_24)
FN:281,(anonymous_25)
FN:293,(anonymous_26)
FN:316,(anonymous_27)
FN:332,(anonymous_28)
FN:338,(anonymous_29)
FN:344,(anonymous_30)
FN:369,(anonymous_31)
FN:371,(anonymous_32)
FN:375,(anonymous_33)
FN:393,(anonymous_34)
FN:401,(anonymous_35)
FN:421,(anonymous_36)
FN:435,(anonymous_37)
FN:448,(anonymous_38)
FN:450,(anonymous_39)
FN:460,(anonymous_40)
FN:470,(anonymous_41)
FN:475,(anonymous_42)
FN:485,(anonymous_43)
FN:493,(anonymous_44)
FN:494,(anonymous_45)
FN:495,(anonymous_46)
FN:496,(anonymous_47)
FN:498,(anonymous_48)
FN:499,(anonymous_49)
FN:501,(anonymous_50)
FN:502,(anonymous_51)
FN:506,(anonymous_52)
FN:507,(anonymous_53)
FN:520,(anonymous_54)
FN:520,(anonymous_55)
FN:525,(anonymous_56)
FN:526,(anonymous_57)
FN:528,(anonymous_58)
FN:532,(anonymous_59)
FN:537,(anonymous_60)
FN:542,(anonymous_61)
FN:547,(anonymous_62)
FN:565,(anonymous_63)
FN:582,(anonymous_64)
FN:599,(anonymous_65)
FN:617,(anonymous_66)
FN:661,(anonymous_67)
FN:663,(anonymous_68)
FN:669,(anonymous_69)
FN:672,(anonymous_70)
FN:672,(anonymous_71)
FN:672,(anonymous_72)
FN:672,(anonymous_73)
FN:673,(anonymous_74)
FN:673,(anonymous_75)
FN:675,(anonymous_76)
FN:706,(anonymous_77)
FN:727,(anonymous_78)
FN:733,(anonymous_79)
FN:842,(anonymous_80)
FN:862,(anonymous_81)
FN:889,(anonymous_82)
FN:904,(anonymous_83)
FN:931,(anonymous_84)
FN:953,(anonymous_85)
FN:972,(anonymous_86)
FN:992,(anonymous_87)
FNF:88
FNH:49
FNDA:0,(anonymous_0)
FNDA:0,(anonymous_1)
FNDA:0,(anonymous_2)
FNDA:0,(anonymous_3)
FNDA:0,(anonymous_4)
FNDA:0,(anonymous_5)
FNDA:0,(anonymous_6)
FNDA:1,(anonymous_7)
FNDA:0,(anonymous_8)
FNDA:0,(anonymous_9)
FNDA:5,(anonymous_10)
FNDA:2,(anonymous_11)
FNDA:5,(anonymous_12)
FNDA:41,(anonymous_13)
FNDA:171,(anonymous_14)
FNDA:25,(anonymous_15)
FNDA:32,(anonymous_16)
FNDA:2,(anonymous_17)
FNDA:11,(anonymous_18)
FNDA:11,(anonymous_19)
FNDA:11,(anonymous_20)
FNDA:11,(anonymous_21)
FNDA:1,(anonymous_22)
FNDA:1,(anonymous_23)
FNDA:1,(anonymous_24)
FNDA:1,(anonymous_25)
FNDA:0,(anonymous_26)
FNDA:3,(anonymous_27)
FNDA:7,(anonymous_28)
FNDA:7,(anonymous_29)
FNDA:0,(anonymous_30)
FNDA:1,(anonymous_31)
FNDA:0,(anonymous_32)
FNDA:0,(anonymous_33)
FNDA:1,(anonymous_34)
FNDA:1,(anonymous_35)
FNDA:2,(anonymous_36)
FNDA:1,(anonymous_37)
FNDA:3,(anonymous_38)
FNDA:7,(anonymous_39)
FNDA:7,(anonymous_40)
FNDA:3,(anonymous_41)
FNDA:7,(anonymous_42)
FNDA:7,(anonymous_43)
FNDA:7,(anonymous_44)
FNDA:7,(anonymous_45)
FNDA:7,(anonymous_46)
FNDA:7,(anonymous_47)
FNDA:4,(anonymous_48)
FNDA:28,(anonymous_49)
FNDA:0,(anonymous_50)
FNDA:28,(anonymous_51)
FNDA:7,(anonymous_52)
FNDA:21,(anonymous_53)
FNDA:4,(anonymous_54)
FNDA:28,(anonymous_55)
FNDA:7,(anonymous_56)
FNDA:28,(anonymous_57)
FNDA:16,(anonymous_58)
FNDA:0,(anonymous_59)
FNDA:0,(anonymous_60)
FNDA:7,(anonymous_61)
FNDA:0,(anonymous_62)
FNDA:0,(anonymous_63)
FNDA:0,(anonymous_64)
FNDA:0,(anonymous_65)
FNDA:0,(anonymous_66)
FNDA:0,(anonymous_67)
FNDA:0,(anonymous_68)
FNDA:0,(anonymous_69)
FNDA:0,(anonymous_70)
FNDA:0,(anonymous_71)
FNDA:0,(anonymous_72)
FNDA:0,(anonymous_73)
FNDA:0,(anonymous_74)
FNDA:0,(anonymous_75)
FNDA:0,(anonymous_76)
FNDA:5,(anonymous_77)
FNDA:0,(anonymous_78)
FNDA:0,(anonymous_79)
FNDA:0,(anonymous_80)
FNDA:9,(anonymous_81)
FNDA:0,(anonymous_82)
FNDA:2,(anonymous_83)
FNDA:0,(anonymous_84)
FNDA:0,(anonymous_85)
FNDA:0,(anonymous_86)
FNDA:0,(anonymous_87)
DA:18,2
DA:22,0
DA:23,0
DA:24,0
DA:25,0
DA:26,0
DA:27,0
DA:28,0
DA:29,0
DA:30,0
DA:32,0
DA:33,0
DA:36,0
DA:37,0
DA:38,0
DA:39,0
DA:40,0
DA:41,0
DA:42,0
DA:43,0
DA:44,0
DA:45,0
DA:46,0
DA:54,2
DA:57,0
DA:58,0
DA:59,0
DA:60,0
DA:61,0
DA:62,0
DA:63,0
DA:64,0
DA:65,0
DA:66,0
DA:67,0
DA:68,0
DA:69,0
DA:70,0
DA:71,0
DA:72,0
DA:73,0
DA:74,0
DA:75,0
DA:77,0
DA:88,2
DA:91,0
DA:92,0
DA:93,0
DA:94,0
DA:95,0
DA:96,0
DA:97,0
DA:98,0
DA:99,0
DA:100,0
DA:101,0
DA:102,0
DA:103,0
DA:104,0
DA:105,0
DA:106,0
DA:107,0
DA:108,0
DA:112,2
DA:115,0
DA:116,0
DA:117,0
DA:118,0
DA:119,0
DA:120,0
DA:121,0
DA:122,0
DA:123,0
DA:124,0
DA:125,0
DA:126,0
DA:127,0
DA:128,0
DA:129,0
DA:130,0
DA:131,0
DA:135,2
DA:156,1
DA:157,1
DA:161,0
DA:165,0
DA:166,0
DA:170,5
DA:171,0
DA:181,5
DA:186,2
DA:187,2
DA:188,2
DA:189,2
DA:190,2
DA:191,0
DA:195,2
DA:196,5
DA:198,5
DA:199,5
DA:200,5
DA:201,5
DA:208,5
DA:209,5
DA:210,5
DA:213,5
DA:214,41
DA:216,41
DA:218,5
DA:219,171
DA:220,171
DA:222,25
DA:223,32
DA:233,5
DA:234,2
DA:235,0
DA:237,2
DA:238,2
DA:239,2
DA:241,11
DA:242,11
DA:243,11
DA:244,11
DA:246,2
DA:256,5
DA:257,1
DA:258,1
DA:259,1
DA:260,1
DA:261,7
DA:262,7
DA:263,7
DA:264,7
DA:265,7
DA:266,7
DA:267,7
DA:268,7
DA:270,1
DA:274,5
DA:275,1
DA:276,1
DA:277,1
DA:279,1
DA:281,1
DA:282,1
DA:283,1
DA:284,1
DA:285,1
DA:286,1
DA:287,1
DA:288,1
DA:289,0
DA:291,1
DA:292,1
DA:293,1
DA:294,1
DA:295,1
DA:296,1
DA:297,0
DA:298,0
DA:299,0
DA:301,1
DA:302,1
DA:303,1
DA:305,0
DA:307,1
DA:311,1
DA:316,5
DA:318,3
DA:320,2
DA:327,2
DA:328,2
DA:332,7
DA:335,1
DA:336,1
DA:337,1
DA:338,1
DA:339,7
DA:341,0
DA:342,0
DA:343,0
DA:344,0
DA:345,0
DA:350,1
DA:351,1
DA:352,1
DA:353,1
DA:356,0
DA:357,0
DA:369,5
DA:370,1
DA:371,1
DA:372,1
DA:375,1
DA:376,0
DA:377,0
DA:378,0
DA:379,0
DA:380,0
DA:381,0
DA:382,0
DA:384,0
DA:385,0
DA:386,0
DA:387,0
DA:388,0
DA:390,1
DA:391,1
DA:393,1
DA:394,1
DA:395,1
DA:396,1
DA:401,5
DA:402,1
DA:403,1
DA:404,1
DA:405,1
DA:406,1
DA:407,1
DA:408,1
DA:409,1
DA:410,1
DA:411,1
DA:412,1
DA:413,1
DA:414,1
DA:421,5
DA:422,2
DA:423,2
DA:431,2
DA:435,5
DA:436,1
DA:437,1
DA:438,1
DA:439,1
DA:440,1
DA:441,1
DA:442,7
DA:444,1
DA:448,5
DA:449,3
DA:450,3
DA:451,7
DA:452,7
DA:453,7
DA:454,7
DA:455,7
DA:456,7
DA:457,7
DA:458,7
DA:460,3
DA:461,7
DA:462,7
DA:463,7
DA:464,7
DA:465,7
DA:467,3
DA:470,5
DA:471,3
DA:474,1
DA:475,1
DA:476,7
DA:477,7
DA:478,7
DA:479,7
DA:480,7
DA:481,7
DA:482,7
DA:483,7
DA:485,1
DA:486,7
DA:487,7
DA:488,7
DA:489,7
DA:490,7
DA:493,7
DA:494,7
DA:495,7
DA:496,7
DA:498,1
DA:499,28
DA:500,4
DA:501,4
DA:502,28
DA:506,1
DA:507,21
DA:508,7
DA:510,7
DA:514,1
DA:515,1
DA:516,1
DA:517,1
DA:520,28
DA:521,1
DA:522,1
DA:523,1
DA:524,1
DA:525,1
DA:526,28
DA:527,7
DA:528,16
DA:532,1
DA:533,0
DA:534,0
DA:535,0
DA:536,0
DA:537,0
DA:538,0
DA:541,1
DA:542,7
DA:547,0
DA:565,0
DA:582,0
DA:599,0
DA:617,0
DA:632,1
DA:633,1
DA:634,1
DA:635,1
DA:637,1
DA:662,0
DA:663,0
DA:664,0
DA:665,0
DA:666,0
DA:667,0
DA:668,0
DA:669,0
DA:670,0
DA:672,0
DA:673,0
DA:674,0
DA:675,0
DA:677,0
DA:679,0
DA:680,0
DA:681,0
DA:682,0
DA:683,0
DA:684,0
DA:685,0
DA:686,0
DA:702,1
DA:706,5
DA:707,5
DA:708,3
DA:715,2
DA:727,0
DA:733,0
DA:842,0
DA:863,9
DA:889,0
DA:905,2
DA:906,2
DA:907,2
DA:908,2
DA:909,2
DA:910,2
DA:911,2
DA:912,2
DA:913,2
DA:914,2
DA:916,2
DA:931,0
DA:953,0
DA:972,0
DA:992,0
DA:1011,5
LF:368
LH:220
BRDA:22,0,0,0
BRDA:22,0,1,0
BRDA:22,1,0,0
BRDA:22,1,1,0
BRDA:22,1,2,0
BRDA:25,2,0,0
BRDA:25,2,1,0
BRDA:26,3,0,0
BRDA:26,3,1,0
BRDA:26,4,0,0
BRDA:26,4,1,0
BRDA:28,5,0,0
BRDA:28,5,1,0
BRDA:32,6,0,0
BRDA:32,6,1,0
BRDA:36,7,0,0
BRDA:36,7,1,0
BRDA:37,8,0,0
BRDA:37,8,1,0
BRDA:38,9,0,0
BRDA:38,9,1,0
BRDA:39,10,0,0
BRDA:39,10,1,0
BRDA:40,11,0,0
BRDA:40,11,1,0
BRDA:41,12,0,0
BRDA:41,12,1,0
BRDA:41,12,2,0
BRDA:43,13,0,0
BRDA:43,13,1,0
BRDA:43,13,2,0
BRDA:44,14,0,0
BRDA:44,14,1,0
BRDA:44,14,2,0
BRDA:58,15,0,0
BRDA:58,15,1,0
BRDA:59,16,0,0
BRDA:59,16,1,0
BRDA:63,17,0,0
BRDA:63,17,1,0
BRDA:63,18,0,0
BRDA:63,18,1,0
BRDA:64,19,0,0
BRDA:64,19,1,0
BRDA:65,20,0,0
BRDA:65,20,1,0
BRDA:67,21,0,0
BRDA:67,21,1,0
BRDA:68,22,0,0
BRDA:68,22,1,0
BRDA:73,23,0,0
BRDA:73,23,1,0
BRDA:73,24,0,0
BRDA:73,24,1,0
BRDA:73,24,2,0
BRDA:73,24,3,0
BRDA:74,25,0,0
BRDA:74,25,1,0
BRDA:74,26,0,0
BRDA:74,26,1,0
BRDA:91,27,0,0
BRDA:91,27,1,0
BRDA:92,28,0,0
BRDA:92,28,1,0
BRDA:92,29,0,0
BRDA:92,29,1,0
BRDA:94,30,0,0
BRDA:94,30,1,0
BRDA:94,31,0,0
BRDA:94,31,1,0
BRDA:95,32,0,0
BRDA:95,32,1,0
BRDA:95,33,0,0
BRDA:95,33,1,0
BRDA:101,34,0,0
BRDA:101,34,1,0
BRDA:115,35,0,0
BRDA:115,35,1,0
BRDA:115,35,2,0
BRDA:116,36,0,0
BRDA:116,36,1,0
BRDA:120,37,0,0
BRDA:120,37,1,0
BRDA:120,38,0,0
BRDA:120,38,1,0
BRDA:170,39,0,0
BRDA:170,39,1,5
BRDA:176,40,0,0
BRDA:176,40,1,0
BRDA:188,41,0,0
BRDA:188,41,1,2
BRDA:189,42,0,0
BRDA:189,42,1,2
BRDA:190,43,0,2
BRDA:190,43,1,0
BRDA:214,44,0,9
BRDA:214,44,1,32
BRDA:220,45,0,171
BRDA:220,45,1,0
BRDA:222,46,0,25
BRDA:222,46,1,0
BRDA:225,47,0,32
BRDA:225,47,1,0
BRDA:226,48,0,32
BRDA:226,48,1,0
BRDA:227,49,0,32
BRDA:227,49,1,0
BRDA:228,50,0,32
BRDA:228,50,1,0
BRDA:229,51,0,32
BRDA:229,51,1,0
BRDA:234,52,0,0
BRDA:234,52,1,2
BRDA:234,53,0,2
BRDA:234,53,1,2
BRDA:239,54,0,0
BRDA:239,54,1,2
BRDA:257,55,0,0
BRDA:257,55,1,1
BRDA:261,56,0,0
BRDA:261,56,1,7
BRDA:263,57,0,7
BRDA:263,57,1,7
BRDA:264,58,0,7
BRDA:264,58,1,0
BRDA:265,59,0,0
BRDA:265,59,1,7
BRDA:266,60,0,0
BRDA:266,60,1,7
BRDA:285,61,0,1
BRDA:285,61,1,1
BRDA:286,62,0,0
BRDA:286,62,1,1
BRDA:288,63,0,1
BRDA:288,63,1,0
BRDA:292,64,0,0
BRDA:292,64,1,1
BRDA:294,65,0,1
BRDA:294,65,1,0
BRDA:296,66,0,0
BRDA:296,66,1,1
BRDA:298,67,0,0
BRDA:298,67,1,0
BRDA:298,68,0,0
BRDA:298,68,1,0
BRDA:318,69,0,2
BRDA:318,69,1,1
BRDA:318,70,0,3
BRDA:318,70,1,3
BRDA:318,70,2,3
BRDA:332,71,0,7
BRDA:332,71,1,7
BRDA:335,72,0,1
BRDA:335,72,1,0
BRDA:339,73,0,7
BRDA:339,73,1,7
BRDA:339,73,2,7
BRDA:341,74,0,0
BRDA:341,74,1,0
BRDA:345,75,0,0
BRDA:345,75,1,0
BRDA:345,75,2,0
BRDA:350,76,0,1
BRDA:350,76,1,0
BRDA:371,77,0,0
BRDA:371,77,1,0
BRDA:371,77,2,0
BRDA:378,78,0,0
BRDA:378,78,1,0
BRDA:379,79,0,0
BRDA:379,79,1,0
BRDA:381,80,0,0
BRDA:381,80,1,0
BRDA:381,81,0,0
BRDA:381,81,1,0
BRDA:404,82,0,0
BRDA:404,82,1,1
BRDA:405,83,0,0
BRDA:405,83,1,1
BRDA:406,84,0,0
BRDA:406,84,1,1
BRDA:409,85,0,1
BRDA:409,85,1,0
BRDA:410,86,0,1
BRDA:410,86,1,0
BRDA:411,87,0,1
BRDA:411,87,1,0
BRDA:413,88,0,1
BRDA:413,88,1,1
BRDA:431,89,0,2
BRDA:431,89,1,0
BRDA:436,90,0,1
BRDA:436,90,1,0
BRDA:451,91,0,0
BRDA:451,91,1,7
BRDA:451,92,0,7
BRDA:451,92,1,7
BRDA:453,93,0,7
BRDA:453,93,1,0
BRDA:461,94,0,7
BRDA:461,94,1,0
BRDA:471,95,0,2
BRDA:471,95,1,1
BRDA:471,96,0,3
BRDA:471,96,1,3
BRDA:471,96,2,1
BRDA:476,97,0,0
BRDA:476,97,1,7
BRDA:476,98,0,7
BRDA:476,98,1,7
BRDA:478,99,0,7
BRDA:478,99,1,0
BRDA:486,100,0,7
BRDA:486,100,1,0
BRDA:493,101,0,7
BRDA:493,101,1,3
BRDA:494,102,0,7
BRDA:494,102,1,3
BRDA:495,103,0,7
BRDA:495,103,1,3
BRDA:496,104,0,7
BRDA:496,104,1,3
BRDA:501,105,0,0
BRDA:501,105,1,4
BRDA:501,106,0,0
BRDA:501,106,1,0
BRDA:502,107,0,12
BRDA:502,107,1,16
BRDA:508,108,0,7
BRDA:508,108,1,0
BRDA:508,109,0,7
BRDA:508,109,1,0
BRDA:520,110,0,12
BRDA:520,110,1,16
BRDA:527,111,0,3
BRDA:527,111,1,4
BRDA:534,112,0,0
BRDA:534,112,1,0
BRDA:633,113,0,0
BRDA:633,113,1,1
BRDA:634,114,0,0
BRDA:634,114,1,1
BRDA:635,115,0,0
BRDA:635,115,1,1
BRDA:664,116,0,0
BRDA:664,116,1,0
BRDA:665,117,0,0
BRDA:665,117,1,0
BRDA:666,118,0,0
BRDA:666,118,1,0
BRDA:667,119,0,0
BRDA:667,119,1,0
BRDA:668,120,0,0
BRDA:668,120,1,0
BRDA:670,121,0,0
BRDA:670,121,1,0
BRDA:673,122,0,0
BRDA:673,122,1,0
BRDA:673,123,0,0
BRDA:673,123,1,0
BRDA:674,124,0,0
BRDA:674,124,1,0
BRDA:680,125,0,0
BRDA:680,125,1,0
BRDA:681,126,0,0
BRDA:681,126,1,0
BRDA:682,127,0,0
BRDA:682,127,1,0
BRDA:683,128,0,0
BRDA:683,128,1,0
BRDA:684,129,0,0
BRDA:684,129,1,0
BRDA:685,130,0,0
BRDA:685,130,1,0
BRDA:707,131,0,3
BRDA:707,131,1,2
BRDA:726,132,0,2
BRDA:726,132,1,0
BRDA:732,133,0,0
BRDA:732,133,1,2
BRDA:742,134,0,2
BRDA:742,134,1,2
BRDA:753,135,0,2
BRDA:753,135,1,2
BRDA:753,135,2,2
BRDA:834,136,0,2
BRDA:834,136,1,2
BRDA:834,136,2,2
BRDA:834,136,3,2
BRDA:834,136,4,2
BRDA:834,136,5,2
BRDA:834,136,6,2
BRDA:834,136,7,2
BRDA:845,137,0,2
BRDA:845,137,1,0
BRDA:865,138,0,9
BRDA:865,138,1,0
BRDA:866,139,0,9
BRDA:866,139,1,0
BRDA:868,140,0,9
BRDA:868,140,1,0
BRDA:879,141,0,2
BRDA:879,141,1,2
BRDA:879,141,2,0
BRDA:897,142,0,2
BRDA:897,142,1,2
BRDA:897,142,2,2
BRDA:906,143,0,2
BRDA:906,143,1,2
BRDA:911,144,0,0
BRDA:911,144,1,2
BRDA:911,145,0,0
BRDA:911,145,1,2
BRDA:912,146,0,0
BRDA:912,146,1,2
BRDA:912,147,0,0
BRDA:912,147,1,2
BRDA:927,148,0,0
BRDA:927,148,1,2
BRDA:949,149,0,0
BRDA:949,149,1,2
BRF:321
BRH:122
end_of_record
TN:
SF:src\pages\DeStressZone.jsx
FN:5,(anonymous_0)
FN:33,(anonymous_1)
FN:34,(anonymous_2)
FN:35,(anonymous_3)
FN:36,(anonymous_4)
FN:38,(anonymous_5)
FN:39,(anonymous_6)
FN:63,(anonymous_7)
FN:64,(anonymous_8)
FN:64,(anonymous_9)
FN:65,(anonymous_10)
FN:75,(anonymous_11)
FN:76,(anonymous_12)
FN:77,(anonymous_13)
FN:87,(anonymous_14)
FN:94,(anonymous_15)
FN:98,(anonymous_16)
FN:104,(anonymous_17)
FN:110,(anonymous_18)
FN:123,(anonymous_19)
FN:127,(anonymous_20)
FN:145,(anonymous_21)
FN:151,(anonymous_22)
FN:167,(anonymous_23)
FN:168,(anonymous_24)
FN:186,(anonymous_25)
FN:186,(anonymous_26)
FN:187,(anonymous_27)
FN:187,(anonymous_28)
FN:202,(anonymous_29)
FN:206,(anonymous_30)
FN:231,(anonymous_31)
FN:241,(anonymous_32)
FN:241,(anonymous_33)
FN:243,(anonymous_34)
FN:246,(anonymous_35)
FN:250,(anonymous_36)
FN:253,(anonymous_37)
FN:259,(anonymous_38)
FN:259,(anonymous_39)
FN:261,(anonymous_40)
FN:267,(anonymous_41)
FN:282,(anonymous_42)
FN:289,(anonymous_43)
FN:293,(anonymous_44)
FN:302,(anonymous_45)
FN:315,(anonymous_46)
FN:324,(anonymous_47)
FN:325,(anonymous_48)
FN:325,(anonymous_49)
FN:326,(anonymous_50)
FN:335,(anonymous_51)
FN:359,(anonymous_52)
FN:404,(anonymous_53)
FN:412,(anonymous_54)
FN:421,(anonymous_55)
FN:421,(anonymous_56)
FN:423,(anonymous_57)
FN:432,(anonymous_58)
FN:432,(anonymous_59)
FN:435,(anonymous_60)
FN:438,(anonymous_61)
FN:439,(anonymous_62)
FN:444,(anonymous_63)
FN:451,(anonymous_64)
FN:452,(anonymous_65)
FN:460,(anonymous_66)
FN:461,(anonymous_67)
FN:471,(anonymous_68)
FN:479,(anonymous_69)
FN:479,(anonymous_70)
FN:481,(anonymous_71)
FN:484,(anonymous_72)
FN:485,(anonymous_73)
FN:496,(anonymous_74)
FN:497,(anonymous_75)
FN:499,(anonymous_76)
FN:516,(anonymous_77)
FN:517,(anonymous_78)
FN:524,(anonymous_79)
FN:528,(anonymous_80)
FN:528,(anonymous_81)
FN:529,(anonymous_82)
FN:532,(anonymous_83)
FN:532,(anonymous_84)
FN:544,(anonymous_85)
FN:545,(anonymous_86)
FN:553,(anonymous_87)
FN:554,(anonymous_88)
FN:555,(anonymous_89)
FN:557,(anonymous_90)
FN:582,(anonymous_91)
FNF:92
FNH:0
FNDA:0,(anonymous_0)
FNDA:0,(anonymous_1)
FNDA:0,(anonymous_2)
FNDA:0,(anonymous_3)
FNDA:0,(anonymous_4)
FNDA:0,(anonymous_5)
FNDA:0,(anonymous_6)
FNDA:0,(anonymous_7)
FNDA:0,(anonymous_8)
FNDA:0,(anonymous_9)
FNDA:0,(anonymous_10)
FNDA:0,(anonymous_11)
FNDA:0,(anonymous_12)
FNDA:0,(anonymous_13)
FNDA:0,(anonymous_14)
FNDA:0,(anonymous_15)
FNDA:0,(anonymous_16)
FNDA:0,(anonymous_17)
FNDA:0,(anonymous_18)
FNDA:0,(anonymous_19)
FNDA:0,(anonymous_20)
FNDA:0,(anonymous_21)
FNDA:0,(anonymous_22)
FNDA:0,(anonymous_23)
FNDA:0,(anonymous_24)
FNDA:0,(anonymous_25)
FNDA:0,(anonymous_26)
FNDA:0,(anonymous_27)
FNDA:0,(anonymous_28)
FNDA:0,(anonymous_29)
FNDA:0,(anonymous_30)
FNDA:0,(anonymous_31)
FNDA:0,(anonymous_32)
FNDA:0,(anonymous_33)
FNDA:0,(anonymous_34)
FNDA:0,(anonymous_35)
FNDA:0,(anonymous_36)
FNDA:0,(anonymous_37)
FNDA:0,(anonymous_38)
FNDA:0,(anonymous_39)
FNDA:0,(anonymous_40)
FNDA:0,(anonymous_41)
FNDA:0,(anonymous_42)
FNDA:0,(anonymous_43)
FNDA:0,(anonymous_44)
FNDA:0,(anonymous_45)
FNDA:0,(anonymous_46)
FNDA:0,(anonymous_47)
FNDA:0,(anonymous_48)
FNDA:0,(anonymous_49)
FNDA:0,(anonymous_50)
FNDA:0,(anonymous_51)
FNDA:0,(anonymous_52)
FNDA:0,(anonymous_53)
FNDA:0,(anonymous_54)
FNDA:0,(anonymous_55)
FNDA:0,(anonymous_56)
FNDA:0,(anonymous_57)
FNDA:0,(anonymous_58)
FNDA:0,(anonymous_59)
FNDA:0,(anonymous_60)
FNDA:0,(anonymous_61)
FNDA:0,(anonymous_62)
FNDA:0,(anonymous_63)
FNDA:0,(anonymous_64)
FNDA:0,(anonymous_65)
FNDA:0,(anonymous_66)
FNDA:0,(anonymous_67)
FNDA:0,(anonymous_68)
FNDA:0,(anonymous_69)
FNDA:0,(anonymous_70)
FNDA:0,(anonymous_71)
FNDA:0,(anonymous_72)
FNDA:0,(anonymous_73)
FNDA:0,(anonymous_74)
FNDA:0,(anonymous_75)
FNDA:0,(anonymous_76)
FNDA:0,(anonymous_77)
FNDA:0,(anonymous_78)
FNDA:0,(anonymous_79)
FNDA:0,(anonymous_80)
FNDA:0,(anonymous_81)
FNDA:0,(anonymous_82)
FNDA:0,(anonymous_83)
FNDA:0,(anonymous_84)
FNDA:0,(anonymous_85)
FNDA:0,(anonymous_86)
FNDA:0,(anonymous_87)
FNDA:0,(anonymous_88)
FNDA:0,(anonymous_89)
FNDA:0,(anonymous_90)
FNDA:0,(anonymous_91)
DA:5,1
DA:6,0
DA:7,0
DA:8,0
DA:9,0
DA:10,0
DA:11,0
DA:12,0
DA:18,1
DA:26,1
DA:33,1
DA:34,1
DA:35,1
DA:36,1
DA:38,1
DA:39,0
DA:42,0
DA:43,0
DA:44,0
DA:47,0
DA:48,0
DA:51,0
DA:52,0
DA:53,0
DA:54,0
DA:55,0
DA:56,0
DA:57,0
DA:58,0
DA:59,0
DA:62,0
DA:63,0
DA:64,0
DA:65,0
DA:69,0
DA:70,0
DA:71,0
DA:72,0
DA:73,0
DA:75,0
DA:76,0
DA:77,0
DA:80,0
DA:81,0
DA:82,0
DA:83,0
DA:87,0
DA:88,0
DA:89,0
DA:90,0
DA:94,0
DA:95,0
DA:96,0
DA:97,0
DA:98,0
DA:99,0
DA:100,0
DA:101,0
DA:102,0
DA:103,0
DA:104,0
DA:105,0
DA:110,0
DA:111,0
DA:112,0
DA:113,0
DA:114,0
DA:116,0
DA:117,0
DA:123,0
DA:124,0
DA:125,0
DA:127,0
DA:129,0
DA:130,0
DA:133,0
DA:145,0
DA:151,0
DA:168,0
DA:186,0
DA:187,0
DA:202,0
DA:206,0
DA:231,1
DA:232,0
DA:234,0
DA:235,0
DA:236,0
DA:237,0
DA:238,0
DA:239,0
DA:241,0
DA:243,0
DA:244,0
DA:245,0
DA:246,0
DA:247,0
DA:248,0
DA:250,0
DA:253,0
DA:254,0
DA:255,0
DA:256,0
DA:257,0
DA:258,0
DA:259,0
DA:260,0
DA:261,0
DA:262,0
DA:263,0
DA:267,0
DA:268,0
DA:269,0
DA:270,0
DA:273,0
DA:282,0
DA:289,1
DA:290,0
DA:291,0
DA:293,0
DA:294,0
DA:295,0
DA:296,0
DA:297,0
DA:298,0
DA:299,0
DA:300,0
DA:301,0
DA:302,0
DA:303,0
DA:304,0
DA:305,0
DA:306,0
DA:307,0
DA:308,0
DA:309,0
DA:310,0
DA:311,0
DA:312,0
DA:313,0
DA:315,0
DA:318,0
DA:323,0
DA:324,0
DA:325,0
DA:326,0
DA:329,0
DA:330,0
DA:331,0
DA:332,0
DA:335,0
DA:336,0
DA:337,0
DA:338,0
DA:339,0
DA:340,0
DA:341,0
DA:343,0
DA:344,0
DA:345,0
DA:346,0
DA:347,0
DA:348,0
DA:349,0
DA:350,0
DA:351,0
DA:352,0
DA:353,0
DA:355,0
DA:359,0
DA:360,0
DA:361,0
DA:362,0
DA:363,0
DA:364,0
DA:366,0
DA:367,0
DA:368,0
DA:370,0
DA:373,0
DA:404,1
DA:405,0
DA:412,1
DA:413,0
DA:414,0
DA:415,0
DA:416,0
DA:417,0
DA:418,0
DA:419,0
DA:421,0
DA:423,0
DA:424,0
DA:425,0
DA:427,0
DA:428,0
DA:429,0
DA:430,0
DA:432,0
DA:435,0
DA:436,0
DA:437,0
DA:438,0
DA:439,0
DA:440,0
DA:444,0
DA:447,0
DA:452,0
DA:461,0
DA:471,1
DA:472,0
DA:473,0
DA:474,0
DA:475,0
DA:476,0
DA:477,0
DA:479,0
DA:481,0
DA:482,0
DA:483,0
DA:484,0
DA:485,0
DA:486,0
DA:487,0
DA:488,0
DA:489,0
DA:490,0
DA:492,0
DA:496,0
DA:497,0
DA:499,0
DA:501,0
DA:503,0
DA:517,0
DA:524,1
DA:525,0
DA:526,0
DA:527,0
DA:528,0
DA:529,0
DA:530,0
DA:531,0
DA:532,0
DA:534,0
DA:545,0
DA:553,1
DA:554,0
DA:555,0
DA:556,0
DA:557,0
DA:558,0
DA:559,0
DA:560,0
DA:562,0
DA:582,1
DA:583,0
LF:256
LH:16
BRDA:7,0,0,0
BRDA:7,0,1,0
BRDA:35,1,0,0
BRDA:35,1,1,0
BRDA:52,2,0,0
BRDA:52,2,1,0
BRDA:53,3,0,0
BRDA:53,3,1,0
BRDA:54,4,0,0
BRDA:54,4,1,0
BRDA:55,5,0,0
BRDA:55,5,1,0
BRDA:56,6,0,0
BRDA:56,6,1,0
BRDA:57,7,0,0
BRDA:57,7,1,0
BRDA:58,8,0,0
BRDA:58,8,1,0
BRDA:59,9,0,0
BRDA:59,9,1,0
BRDA:88,10,0,0
BRDA:88,10,1,0
BRDA:99,11,0,0
BRDA:99,11,1,0
BRDA:101,12,0,0
BRDA:101,12,1,0
BRDA:104,13,0,0
BRDA:104,13,1,0
BRDA:112,14,0,0
BRDA:112,14,1,0
BRDA:129,15,0,0
BRDA:129,15,1,0
BRDA:130,16,0,0
BRDA:130,16,1,0
BRDA:130,17,0,0
BRDA:130,17,1,0
BRDA:140,18,0,0
BRDA:140,18,1,0
BRDA:145,19,0,0
BRDA:145,19,1,0
BRDA:146,20,0,0
BRDA:146,20,1,0
BRDA:149,21,0,0
BRDA:149,21,1,0
BRDA:168,22,0,0
BRDA:168,22,1,0
BRDA:174,23,0,0
BRDA:174,23,1,0
BRDA:180,24,0,0
BRDA:180,24,1,0
BRDA:181,25,0,0
BRDA:181,25,1,0
BRDA:191,26,0,0
BRDA:191,26,1,0
BRDA:192,27,0,0
BRDA:192,27,1,0
BRDA:231,28,0,0
BRDA:231,29,0,0
BRDA:232,30,0,0
BRDA:232,31,0,0
BRDA:232,32,0,0
BRDA:232,33,0,0
BRDA:244,34,0,0
BRDA:244,34,1,0
BRDA:247,35,0,0
BRDA:247,35,1,0
BRDA:247,36,0,0
BRDA:247,36,1,0
BRDA:262,37,0,0
BRDA:262,37,1,0
BRDA:262,38,0,0
BRDA:262,38,1,0
BRDA:276,39,0,0
BRDA:276,39,1,0
BRDA:276,40,0,0
BRDA:276,40,1,0
BRDA:281,41,0,0
BRDA:281,41,1,0
BRDA:281,42,0,0
BRDA:281,42,1,0
BRDA:281,43,0,0
BRDA:281,43,1,0
BRDA:282,44,0,0
BRDA:282,44,1,0
BRDA:289,45,0,0
BRDA:290,46,0,0
BRDA:290,47,0,0
BRDA:290,48,0,0
BRDA:291,49,0,0
BRDA:291,49,1,0
BRDA:294,50,0,0
BRDA:294,50,1,0
BRDA:300,51,0,0
BRDA:300,51,1,0
BRDA:305,52,0,0
BRDA:305,52,1,0
BRDA:307,53,0,0
BRDA:307,53,1,0
BRDA:309,54,0,0
BRDA:309,54,1,0
BRDA:311,55,0,0
BRDA:311,55,1,0
BRDA:315,56,0,0
BRDA:315,56,1,0
BRDA:331,57,0,0
BRDA:331,57,1,0
BRDA:341,58,0,0
BRDA:341,58,1,0
BRDA:353,59,0,0
BRDA:353,59,1,0
BRDA:379,60,0,0
BRDA:379,60,1,0
BRDA:380,61,0,0
BRDA:380,61,1,0
BRDA:380,62,0,0
BRDA:380,62,1,0
BRDA:382,63,0,0
BRDA:382,63,1,0
BRDA:383,64,0,0
BRDA:383,64,1,0
BRDA:385,65,0,0
BRDA:385,65,1,0
BRDA:412,66,0,0
BRDA:413,67,0,0
BRDA:413,68,0,0
BRDA:424,69,0,0
BRDA:424,69,1,0
BRDA:424,70,0,0
BRDA:424,70,1,0
BRDA:424,70,2,0
BRDA:427,71,0,0
BRDA:427,71,1,0
BRDA:427,72,0,0
BRDA:427,72,1,0
BRDA:437,73,0,0
BRDA:437,73,1,0
BRDA:440,74,0,0
BRDA:440,74,1,0
BRDA:452,75,0,0
BRDA:452,75,1,0
BRDA:452,76,0,0
BRDA:452,76,1,0
BRDA:453,77,0,0
BRDA:453,77,1,0
BRDA:453,78,0,0
BRDA:453,78,1,0
BRDA:453,79,0,0
BRDA:453,79,1,0
BRDA:461,80,0,0
BRDA:461,80,1,0
BRDA:486,81,0,0
BRDA:486,81,1,0
BRDA:487,82,0,0
BRDA:487,82,1,0
BRDA:488,83,0,0
BRDA:488,83,1,0
BRDA:499,84,0,0
BRDA:499,84,1,0
BRDA:501,85,0,0
BRDA:501,85,1,0
BRDA:501,86,0,0
BRDA:501,86,1,0
BRDA:512,87,0,0
BRDA:512,87,1,0
BRDA:512,88,0,0
BRDA:512,88,1,0
BRDA:530,89,0,0
BRDA:530,89,1,0
BRDA:531,90,0,0
BRDA:531,90,1,0
BRDA:545,91,0,0
BRDA:545,91,1,0
BRDA:545,92,0,0
BRDA:545,92,1,0
BRDA:548,93,0,0
BRDA:548,93,1,0
BRDA:554,94,0,0
BRDA:554,94,1,0
BRDA:554,95,0,0
BRDA:554,95,1,0
BRDA:584,96,0,0
BRDA:584,96,1,0
BRDA:585,97,0,0
BRDA:585,97,1,0
BRF:184
BRH:0
end_of_record
TN:
SF:src\pages\DietAndFitness.jsx
FN:11,(anonymous_0)
FN:28,(anonymous_1)
FN:33,(anonymous_2)
FN:34,(anonymous_3)
FNF:4
FNH:0
FNDA:0,(anonymous_0)
FNDA:0,(anonymous_1)
FNDA:0,(anonymous_2)
FNDA:0,(anonymous_3)
DA:11,1
DA:12,0
DA:13,0
DA:15,0
DA:24,0
DA:28,0
DA:34,0
LF:7
LH:1
BRDA:34,0,0,0
BRDA:34,0,1,0
BRDA:42,1,0,0
BRDA:42,1,1,0
BRDA:43,2,0,0
BRDA:43,2,1,0
BRDA:44,3,0,0
BRDA:44,3,1,0
BRDA:45,4,0,0
BRDA:45,4,1,0
BRDA:46,5,0,0
BRDA:46,5,1,0
BRDA:47,6,0,0
BRDA:47,6,1,0
BRF:14
BRH:0
end_of_record
TN:
SF:src\pages\DietFitnessDashboard.jsx
FN:7,(anonymous_0)
FN:9,(anonymous_1)
FN:18,(anonymous_2)
FN:35,(anonymous_3)
FN:35,(anonymous_4)
FN:37,(anonymous_5)
FN:46,(anonymous_6)
FN:46,(anonymous_7)
FN:48,(anonymous_8)
FN:52,(anonymous_9)
FN:62,(anonymous_10)
FN:62,(anonymous_11)
FN:72,(anonymous_12)
FN:126,(anonymous_13)
FN:134,(anonymous_14)
FN:177,(anonymous_15)
FN:181,(anonymous_16)
FN:185,(anonymous_17)
FN:204,(anonymous_18)
FNF:19
FNH:8
FNDA:9,(anonymous_0)
FNDA:3,(anonymous_1)
FNDA:1,(anonymous_2)
FNDA:1,(anonymous_3)
FNDA:1,(anonymous_4)
FNDA:1,(anonymous_5)
FNDA:28,(anonymous_6)
FNDA:0,(anonymous_7)
FNDA:0,(anonymous_8)
FNDA:0,(anonymous_9)
FNDA:0,(anonymous_10)
FNDA:0,(anonymous_11)
FNDA:0,(anonymous_12)
FNDA:0,(anonymous_13)
FNDA:0,(anonymous_14)
FNDA:0,(anonymous_15)
FNDA:0,(anonymous_16)
FNDA:0,(anonymous_17)
FNDA:7,(anonymous_18)
DA:7,9
DA:9,1
DA:10,3
DA:11,3
DA:12,3
DA:13,3
DA:14,3
DA:15,3
DA:16,3
DA:18,3
DA:19,1
DA:20,1
DA:21,1
DA:22,1
DA:26,1
DA:27,1
DA:29,0
DA:31,1
DA:35,3
DA:37,3
DA:38,1
DA:39,1
DA:40,1
DA:41,1
DA:42,7
DA:43,1
DA:46,28
DA:48,3
DA:49,0
DA:50,0
DA:51,0
DA:52,0
DA:53,0
DA:62,0
DA:63,0
DA:64,0
DA:65,0
DA:66,0
DA:67,0
DA:68,0
DA:69,0
DA:72,3
DA:73,0
DA:74,0
DA:75,0
DA:76,0
DA:77,0
DA:78,0
DA:79,0
DA:81,0
DA:82,0
DA:84,0
DA:85,0
DA:86,0
DA:87,0
DA:89,0
DA:90,0
DA:93,0
DA:94,0
DA:95,0
DA:96,0
DA:97,0
DA:98,0
DA:99,0
DA:100,0
DA:102,0
DA:103,0
DA:104,0
DA:105,0
DA:106,0
DA:107,0
DA:108,0
DA:109,0
DA:111,0
DA:112,0
DA:113,0
DA:114,0
DA:118,0
DA:122,3
DA:126,0
DA:134,0
DA:177,0
DA:181,0
DA:185,0
DA:205,7
LF:85
LH:30
BRDA:27,0,0,1
BRDA:27,0,1,0
BRDA:38,1,0,0
BRDA:38,1,1,1
BRDA:46,2,0,28
BRDA:46,2,1,28
BRDA:49,3,0,0
BRDA:49,3,1,0
BRDA:56,4,0,0
BRDA:56,4,1,0
BRDA:62,5,0,0
BRDA:62,5,1,0
BRDA:62,6,0,0
BRDA:62,6,1,0
BRDA:73,7,0,0
BRDA:73,7,1,0
BRDA:89,8,0,0
BRDA:89,8,1,0
BRDA:107,9,0,0
BRDA:107,9,1,0
BRDA:142,10,0,3
BRDA:142,10,1,1
BRDA:144,11,0,3
BRDA:144,11,1,2
BRDA:144,11,2,0
BRDA:148,12,0,3
BRDA:148,12,1,2
BRDA:148,12,2,1
BRDA:151,13,0,1
BRDA:151,13,1,1
BRDA:155,14,0,1
BRDA:155,14,1,0
BRDA:156,15,0,1
BRDA:156,15,1,0
BRDA:157,16,0,1
BRDA:157,16,1,0
BRDA:158,17,0,1
BRDA:158,17,1,0
BRDA:159,18,0,1
BRDA:159,18,1,0
BRDA:160,19,0,1
BRDA:160,19,1,0
BRDA:161,20,0,1
BRDA:161,20,1,0
BRDA:162,21,0,1
BRDA:162,21,1,1
BRDA:163,22,0,0
BRDA:163,22,1,1
BRDA:164,23,0,0
BRDA:164,23,1,1
BRDA:165,24,0,0
BRDA:165,24,1,1
BRDA:177,25,0,1
BRDA:177,25,1,0
BRDA:177,26,0,0
BRDA:177,26,1,0
BRDA:181,27,0,1
BRDA:181,27,1,0
BRDA:181,28,0,0
BRDA:181,28,1,0
BRDA:185,29,0,1
BRDA:185,29,1,0
BRDA:185,30,0,0
BRDA:185,30,1,0
BRDA:208,31,0,7
BRDA:208,31,1,7
BRF:66
BRH:30
end_of_record
TN:
SF:src\pages\HealthConditions.jsx
FN:4,(anonymous_0)
FN:83,(anonymous_1)
FN:90,(anonymous_2)
FN:92,(anonymous_3)
FN:93,(anonymous_4)
FN:94,(anonymous_5)
FN:98,(anonymous_6)
FN:101,(anonymous_7)
FN:109,(anonymous_8)
FN:112,(anonymous_9)
FN:114,(anonymous_10)
FN:116,(anonymous_11)
FN:128,(anonymous_12)
FN:136,(anonymous_13)
FN:152,(anonymous_14)
FN:159,(anonymous_15)
FN:161,(anonymous_16)
FN:164,(anonymous_17)
FN:172,(anonymous_18)
FN:173,(anonymous_19)
FN:173,(anonymous_20)
FN:180,(anonymous_21)
FN:182,(anonymous_22)
FN:222,(anonymous_23)
FN:230,(anonymous_24)
FN:248,(anonymous_25)
FN:264,(anonymous_26)
FN:309,(anonymous_27)
FN:320,(anonymous_28)
FN:338,(anonymous_29)
FN:359,(anonymous_30)
FN:369,(anonymous_31)
FN:378,(anonymous_32)
FNF:33
FNH:0
FNDA:0,(anonymous_0)
FNDA:0,(anonymous_1)
FNDA:0,(anonymous_2)
FNDA:0,(anonymous_3)
FNDA:0,(anonymous_4)
FNDA:0,(anonymous_5)
FNDA:0,(anonymous_6)
FNDA:0,(anonymous_7)
FNDA:0,(anonymous_8)
FNDA:0,(anonymous_9)
FNDA:0,(anonymous_10)
FNDA:0,(anonymous_11)
FNDA:0,(anonymous_12)
FNDA:0,(anonymous_13)
FNDA:0,(anonymous_14)
FNDA:0,(anonymous_15)
FNDA:0,(anonymous_16)
FNDA:0,(anonymous_17)
FNDA:0,(anonymous_18)
FNDA:0,(anonymous_19)
FNDA:0,(anonymous_20)
FNDA:0,(anonymous_21)
FNDA:0,(anonymous_22)
FNDA:0,(anonymous_23)
FNDA:0,(anonymous_24)
FNDA:0,(anonymous_25)
FNDA:0,(anonymous_26)
FNDA:0,(anonymous_27)
FNDA:0,(anonymous_28)
FNDA:0,(anonymous_29)
FNDA:0,(anonymous_30)
FNDA:0,(anonymous_31)
FNDA:0,(anonymous_32)
DA:4,1
DA:5,0
DA:6,0
DA:7,0
DA:8,0
DA:9,0
DA:10,0
DA:11,0
DA:12,0
DA:13,0
DA:16,0
DA:83,0
DA:86,0
DA:90,0
DA:91,0
DA:92,0
DA:93,0
DA:94,0
DA:95,0
DA:97,0
DA:98,0
DA:101,0
DA:102,0
DA:103,0
DA:104,0
DA:105,0
DA:106,0
DA:108,0
DA:109,0
DA:110,0
DA:111,0
DA:112,0
DA:114,0
DA:115,0
DA:116,0
DA:118,0
DA:120,0
DA:121,0
DA:123,0
DA:124,0
DA:128,0
DA:129,0
DA:130,0
DA:131,0
DA:132,0
DA:133,0
DA:136,0
DA:137,0
DA:138,0
DA:139,0
DA:142,0
DA:153,0
DA:154,0
DA:156,0
DA:157,0
DA:158,0
DA:159,0
DA:160,0
DA:161,0
DA:164,0
DA:165,0
DA:166,0
DA:168,0
DA:169,0
DA:172,0
DA:173,0
DA:181,0
DA:182,0
DA:223,0
DA:230,0
DA:248,0
DA:265,0
DA:309,0
DA:321,0
DA:338,0
DA:359,0
DA:369,0
DA:378,0
LF:78
LH:1
BRDA:91,0,0,0
BRDA:91,0,1,0
BRDA:93,1,0,0
BRDA:93,1,1,0
BRDA:94,2,0,0
BRDA:94,2,1,0
BRDA:95,3,0,0
BRDA:95,3,1,0
BRDA:106,4,0,0
BRDA:106,4,1,0
BRDA:110,5,0,0
BRDA:110,5,1,0
BRDA:111,6,0,0
BRDA:111,6,1,0
BRDA:111,7,0,0
BRDA:111,7,1,0
BRDA:115,8,0,0
BRDA:115,8,1,0
BRDA:115,8,2,0
BRDA:156,9,0,0
BRDA:156,9,1,0
BRDA:157,10,0,0
BRDA:157,10,1,0
BRDA:160,11,0,0
BRDA:160,11,1,0
BRDA:161,12,0,0
BRDA:161,12,1,0
BRDA:172,13,0,0
BRDA:172,13,1,0
BRDA:178,14,0,0
BRDA:178,14,1,0
BRDA:178,14,2,0
BRDA:192,15,0,0
BRDA:192,15,1,0
BRDA:196,16,0,0
BRDA:196,16,1,0
BRDA:208,17,0,0
BRDA:208,17,1,0
BRDA:216,18,0,0
BRDA:216,18,1,0
BRDA:218,19,0,0
BRDA:218,19,1,0
BRDA:243,20,0,0
BRDA:243,20,1,0
BRDA:243,21,0,0
BRDA:243,21,1,0
BRDA:302,22,0,0
BRDA:302,22,1,0
BRDA:302,22,2,0
BRDA:321,23,0,0
BRDA:321,23,1,0
BRDA:328,24,0,0
BRDA:328,24,1,0
BRDA:334,25,0,0
BRDA:334,25,1,0
BRDA:342,26,0,0
BRDA:342,26,1,0
BRDA:348,27,0,0
BRDA:348,27,1,0
BRDA:358,28,0,0
BRDA:358,28,1,0
BRDA:359,29,0,0
BRDA:359,29,1,0
BRDA:366,30,0,0
BRDA:366,30,1,0
BRF:65
BRH:0
end_of_record
TN:
SF:src\pages\HealthTips.jsx
FN:5,(anonymous_0)
FN:29,(anonymous_1)
FN:30,(anonymous_2)
FN:61,(anonymous_3)
FN:71,(anonymous_4)
FN:72,(anonymous_5)
FN:103,(anonymous_6)
FN:109,(anonymous_7)
FN:124,(anonymous_8)
FN:141,(anonymous_9)
FN:142,(anonymous_10)
FN:146,(anonymous_11)
FN:155,(anonymous_12)
FN:156,(anonymous_13)
FN:159,(anonymous_14)
FN:164,(anonymous_15)
FN:166,(anonymous_16)
FN:170,(anonymous_17)
FN:176,(anonymous_18)
FN:298,(anonymous_19)
FN:328,(anonymous_20)
FN:346,(anonymous_21)
FN:349,(anonymous_22)
FN:371,(anonymous_23)
FN:389,(anonymous_24)
FN:396,(anonymous_25)
FN:416,(anonymous_26)
FN:490,(anonymous_27)
FN:502,(anonymous_28)
FN:555,(anonymous_29)
FNF:30
FNH:0
FNDA:0,(anonymous_0)
FNDA:0,(anonymous_1)
FNDA:0,(anonymous_2)
FNDA:0,(anonymous_3)
FNDA:0,(anonymous_4)
FNDA:0,(anonymous_5)
FNDA:0,(anonymous_6)
FNDA:0,(anonymous_7)
FNDA:0,(anonymous_8)
FNDA:0,(anonymous_9)
FNDA:0,(anonymous_10)
FNDA:0,(anonymous_11)
FNDA:0,(anonymous_12)
FNDA:0,(anonymous_13)
FNDA:0,(anonymous_14)
FNDA:0,(anonymous_15)
FNDA:0,(anonymous_16)
FNDA:0,(anonymous_17)
FNDA:0,(anonymous_18)
FNDA:0,(anonymous_19)
FNDA:0,(anonymous_20)
FNDA:0,(anonymous_21)
FNDA:0,(anonymous_22)
FNDA:0,(anonymous_23)
FNDA:0,(anonymous_24)
FNDA:0,(anonymous_25)
FNDA:0,(anonymous_26)
FNDA:0,(anonymous_27)
FNDA:0,(anonymous_28)
FNDA:0,(anonymous_29)
DA:5,1
DA:6,0
DA:7,0
DA:8,0
DA:9,0
DA:10,0
DA:11,0
DA:12,0
DA:13,0
DA:15,0
DA:29,0
DA:30,0
DA:31,0
DA:32,0
DA:34,0
DA:37,0
DA:38,0
DA:39,0
DA:40,0
DA:42,0
DA:43,0
DA:46,0
DA:47,0
DA:51,0
DA:52,0
DA:54,0
DA:58,0
DA:61,0
DA:62,0
DA:63,0
DA:64,0
DA:68,0
DA:71,0
DA:72,0
DA:73,0
DA:74,0
DA:76,0
DA:79,0
DA:80,0
DA:81,0
DA:82,0
DA:83,0
DA:85,0
DA:86,0
DA:89,0
DA:90,0
DA:91,0
DA:93,0
DA:94,0
DA:98,0
DA:99,0
DA:102,0
DA:103,0
DA:104,0
DA:108,0
DA:109,0
DA:110,0
DA:111,0
DA:112,0
DA:115,0
DA:119,0
DA:124,0
DA:125,0
DA:138,0
DA:141,0
DA:142,0
DA:145,0
DA:146,0
DA:148,0
DA:151,0
DA:152,0
DA:155,0
DA:156,0
DA:159,0
DA:160,0
DA:161,0
DA:164,0
DA:165,0
DA:167,0
DA:168,0
DA:171,0
DA:176,0
DA:177,0
DA:295,0
DA:298,0
DA:299,0
DA:300,0
DA:302,0
DA:305,0
DA:328,0
DA:347,0
DA:350,0
DA:351,0
DA:372,0
DA:389,0
DA:396,0
DA:416,0
DA:490,0
DA:502,0
DA:555,0
LF:100
LH:1
BRDA:39,0,0,0
BRDA:39,0,1,0
BRDA:63,1,0,0
BRDA:63,1,1,0
BRDA:80,2,0,0
BRDA:80,2,1,0
BRDA:82,3,0,0
BRDA:82,3,1,0
BRDA:89,4,0,0
BRDA:89,4,1,0
BRDA:102,5,0,0
BRDA:102,5,1,0
BRDA:108,6,0,0
BRDA:108,6,1,0
BRDA:108,7,0,0
BRDA:108,7,1,0
BRDA:111,8,0,0
BRDA:111,8,1,0
BRDA:138,9,0,0
BRDA:138,9,1,0
BRDA:145,10,0,0
BRDA:145,10,1,0
BRDA:295,11,0,0
BRDA:295,11,1,0
BRDA:299,12,0,0
BRDA:299,12,1,0
BRDA:314,13,0,0
BRDA:314,13,1,0
BRDA:329,14,0,0
BRDA:329,14,1,0
BRDA:331,15,0,0
BRDA:331,15,1,0
BRDA:332,16,0,0
BRDA:332,16,1,0
BRDA:353,17,0,0
BRDA:353,17,1,0
BRDA:353,18,0,0
BRDA:353,18,1,0
BRDA:363,19,0,0
BRDA:363,19,1,0
BRDA:370,20,0,0
BRDA:370,20,1,0
BRDA:386,21,0,0
BRDA:386,21,1,0
BRDA:397,22,0,0
BRDA:397,22,1,0
BRDA:398,23,0,0
BRDA:398,23,1,0
BRDA:400,24,0,0
BRDA:400,24,1,0
BRDA:409,25,0,0
BRDA:409,25,1,0
BRDA:460,26,0,0
BRDA:460,26,1,0
BRDA:460,26,2,0
BRF:55
BRH:0
end_of_record
TN:
SF:src\pages\HomePage.jsx
FN:5,(anonymous_0)
FN:18,(anonymous_1)
FN:98,(anonymous_2)
FNF:3
FNH:0
FNDA:0,(anonymous_0)
FNDA:0,(anonymous_1)
FNDA:0,(anonymous_2)
DA:5,1
DA:6,0
DA:18,1
DA:19,0
DA:20,0
DA:59,0
DA:99,0
LF:7
LH:2
BRDA:76,0,0,0
BRDA:76,0,1,0
BRDA:86,1,0,0
BRDA:86,1,1,0
BRDA:132,2,0,0
BRDA:132,2,1,0
BRF:6
BRH:0
end_of_record
TN:
SF:src\pages\Login.jsx
FN:7,(anonymous_0)
FN:19,(anonymous_1)
FN:46,(anonymous_2)
FN:136,(anonymous_3)
FN:152,(anonymous_4)
FN:158,(anonymous_5)
FNF:6
FNH:2
FNDA:3,(anonymous_0)
FNDA:2,(anonymous_1)
FNDA:0,(anonymous_2)
FNDA:0,(anonymous_3)
FNDA:0,(anonymous_4)
FNDA:0,(anonymous_5)
DA:7,2
DA:8,3
DA:9,3
DA:10,3
DA:11,3
DA:12,3
DA:13,3
DA:15,3
DA:16,3
DA:17,3
DA:19,3
DA:21,2
DA:22,0
DA:23,0
DA:26,0
DA:36,0
DA:37,0
DA:39,2
DA:41,0
DA:42,0
DA:46,3
DA:47,0
DA:48,0
DA:49,0
DA:50,0
DA:53,0
DA:54,0
DA:55,0
DA:56,0
DA:57,0
DA:58,0
DA:61,0
DA:62,0
DA:63,0
DA:64,0
DA:65,0
DA:66,0
DA:68,0
DA:69,0
DA:72,0
DA:75,0
DA:81,0
DA:82,0
DA:83,0
DA:85,0
DA:88,0
DA:90,0
DA:91,0
DA:94,0
DA:95,0
DA:98,0
DA:99,0
DA:108,0
DA:112,3
DA:136,0
DA:152,0
DA:158,0
LF:57
LH:15
BRDA:21,0,0,0
BRDA:21,0,1,2
BRDA:36,1,0,0
BRDA:36,1,1,0
BRDA:39,2,0,0
BRDA:39,2,1,2
BRDA:53,3,0,0
BRDA:53,3,1,0
BRDA:53,4,0,0
BRDA:53,4,1,0
BRDA:72,5,0,0
BRDA:72,5,1,0
BRDA:81,6,0,0
BRDA:81,6,1,0
BRDA:82,7,0,0
BRDA:82,7,1,0
BRDA:88,8,0,0
BRDA:88,8,1,0
BRDA:149,9,0,0
BRDA:149,9,1,3
BRDA:160,10,0,0
BRDA:160,10,1,3
BRDA:171,11,0,0
BRDA:171,11,1,3
BRF:24
BRH:5
end_of_record
TN:
SF:src\pages\NearbyHospitals.jsx
FN:4,(anonymous_0)
FN:1077,(anonymous_1)
FN:1079,resolveCityFromText
FN:1088,applyCity
FN:1100,(anonymous_4)
FN:1111,(anonymous_5)
FN:1114,(anonymous_6)
FN:1115,(anonymous_7)
FN:1116,(anonymous_8)
FN:1117,(anonymous_9)
FN:1127,(anonymous_10)
FN:1135,(anonymous_11)
FN:1141,(anonymous_12)
FN:1142,(anonymous_13)
FN:1149,(anonymous_14)
FN:1158,(anonymous_15)
FN:1199,(anonymous_16)
FN:1240,(anonymous_17)
FN:1247,(anonymous_18)
FN:1262,(anonymous_19)
FN:1263,(anonymous_20)
FN:1271,(anonymous_21)
FN:1274,(anonymous_22)
FN:1301,(anonymous_23)
FN:1320,(anonymous_24)
FN:1425,(anonymous_25)
FN:1432,(anonymous_26)
FN:1433,(anonymous_27)
FN:1460,(anonymous_28)
FN:1513,(anonymous_29)
FN:1537,(anonymous_30)
FNF:31
FNH:0
FNDA:0,(anonymous_0)
FNDA:0,(anonymous_1)
FNDA:0,resolveCityFromText
FNDA:0,applyCity
FNDA:0,(anonymous_4)
FNDA:0,(anonymous_5)
FNDA:0,(anonymous_6)
FNDA:0,(anonymous_7)
FNDA:0,(anonymous_8)
FNDA:0,(anonymous_9)
FNDA:0,(anonymous_10)
FNDA:0,(anonymous_11)
FNDA:0,(anonymous_12)
FNDA:0,(anonymous_13)
FNDA:0,(anonymous_14)
FNDA:0,(anonymous_15)
FNDA:0,(anonymous_16)
FNDA:0,(anonymous_17)
FNDA:0,(anonymous_18)
FNDA:0,(anonymous_19)
FNDA:0,(anonymous_20)
FNDA:0,(anonymous_21)
FNDA:0,(anonymous_22)
FNDA:0,(anonymous_23)
FNDA:0,(anonymous_24)
FNDA:0,(anonymous_25)
FNDA:0,(anonymous_26)
FNDA:0,(anonymous_27)
FNDA:0,(anonymous_28)
FNDA:0,(anonymous_29)
FNDA:0,(anonymous_30)
DA:4,1
DA:5,0
DA:6,0
DA:7,0
DA:8,0
DA:9,0
DA:10,0
DA:11,0
DA:13,0
DA:16,0
DA:1064,0
DA:1077,0
DA:1080,0
DA:1081,0
DA:1082,0
DA:1083,0
DA:1085,0
DA:1089,0
DA:1090,0
DA:1091,0
DA:1092,0
DA:1093,0
DA:1094,0
DA:1095,0
DA:1096,0
DA:1100,0
DA:1101,0
DA:1102,0
DA:1103,0
DA:1104,0
DA:1105,0
DA:1106,0
DA:1107,0
DA:1111,0
DA:1113,0
DA:1114,0
DA:1115,0
DA:1116,0
DA:1117,0
DA:1121,0
DA:1124,0
DA:1127,0
DA:1128,0
DA:1131,0
DA:1135,0
DA:1136,0
DA:1137,0
DA:1141,0
DA:1142,0
DA:1149,0
DA:1150,0
DA:1151,0
DA:1152,0
DA:1154,0
DA:1155,0
DA:1158,0
DA:1159,0
DA:1166,0
DA:1167,0
DA:1169,0
DA:1170,0
DA:1172,0
DA:1173,0
DA:1174,0
DA:1175,0
DA:1176,0
DA:1177,0
DA:1181,0
DA:1182,0
DA:1183,0
DA:1185,0
DA:1188,0
DA:1189,0
DA:1190,0
DA:1191,0
DA:1192,0
DA:1194,0
DA:1199,0
DA:1200,0
DA:1201,0
DA:1203,0
DA:1204,0
DA:1205,0
DA:1207,0
DA:1208,0
DA:1209,0
DA:1211,0
DA:1212,0
DA:1213,0
DA:1214,0
DA:1215,0
DA:1219,0
DA:1220,0
DA:1221,0
DA:1222,0
DA:1223,0
DA:1224,0
DA:1226,0
DA:1227,0
DA:1228,0
DA:1229,0
DA:1230,0
DA:1233,0
DA:1235,0
DA:1240,0
DA:1241,0
DA:1242,0
DA:1243,0
DA:1247,0
DA:1248,0
DA:1249,0
DA:1250,0
DA:1251,0
DA:1252,0
DA:1253,0
DA:1254,0
DA:1257,0
DA:1262,0
DA:1263,0
DA:1264,0
DA:1265,0
DA:1266,0
DA:1267,0
DA:1268,0
DA:1270,0
DA:1271,0
DA:1274,0
DA:1275,0
DA:1277,0
DA:1301,0
DA:1320,0
DA:1427,0
DA:1428,0
DA:1429,0
DA:1430,0
DA:1431,0
DA:1433,0
DA:1461,0
DA:1514,0
DA:1537,0
LF:140
LH:1
BRDA:1080,0,0,0
BRDA:1080,0,1,0
BRDA:1083,1,0,0
BRDA:1083,1,1,0
BRDA:1090,2,0,0
BRDA:1090,2,1,0
BRDA:1107,3,0,0
BRDA:1107,3,1,0
BRDA:1137,4,0,0
BRDA:1137,4,1,0
BRDA:1154,5,0,0
BRDA:1154,5,1,0
BRDA:1175,6,0,0
BRDA:1175,6,1,0
BRDA:1201,7,0,0
BRDA:1201,7,1,0
BRDA:1212,8,0,0
BRDA:1212,8,1,0
BRDA:1219,9,0,0
BRDA:1219,9,1,0
BRDA:1248,10,0,0
BRDA:1248,10,1,0
BRDA:1251,11,0,0
BRDA:1251,11,1,0
BRDA:1254,12,0,0
BRDA:1254,12,1,0
BRDA:1264,13,0,0
BRDA:1264,13,1,0
BRDA:1265,14,0,0
BRDA:1265,14,1,0
BRDA:1266,15,0,0
BRDA:1266,15,1,0
BRDA:1266,16,0,0
BRDA:1266,16,1,0
BRDA:1266,16,2,0
BRDA:1268,17,0,0
BRDA:1268,17,1,0
BRDA:1274,18,0,0
BRDA:1274,18,1,0
BRDA:1308,19,0,0
BRDA:1308,19,1,0
BRDA:1322,20,0,0
BRDA:1322,20,1,0
BRDA:1333,21,0,0
BRDA:1333,21,1,0
BRDA:1415,22,0,0
BRDA:1415,22,1,0
BRDA:1427,23,0,0
BRDA:1427,23,1,0
BRDA:1428,24,0,0
BRDA:1428,24,1,0
BRDA:1429,25,0,0
BRDA:1429,25,1,0
BRDA:1430,26,0,0
BRDA:1430,26,1,0
BRDA:1445,27,0,0
BRDA:1445,27,1,0
BRDA:1453,28,0,0
BRDA:1453,28,1,0
BRDA:1461,29,0,0
BRDA:1461,29,1,0
BRDA:1482,30,0,0
BRDA:1482,30,1,0
BRF:63
BRH:0
end_of_record
TN:
SF:src\pages\Register.jsx
FN:8,(anonymous_0)
FN:22,(anonymous_1)
FN:107,(anonymous_2)
FN:183,(anonymous_3)
FN:198,(anonymous_4)
FN:214,(anonymous_5)
FN:220,(anonymous_6)
FN:238,(anonymous_7)
FN:244,(anonymous_8)
FNF:9
FNH:0
FNDA:0,(anonymous_0)
FNDA:0,(anonymous_1)
FNDA:0,(anonymous_2)
FNDA:0,(anonymous_3)
FNDA:0,(anonymous_4)
FNDA:0,(anonymous_5)
FNDA:0,(anonymous_6)
FNDA:0,(anonymous_7)
FNDA:0,(anonymous_8)
DA:8,1
DA:9,0
DA:10,0
DA:11,0
DA:12,0
DA:13,0
DA:14,0
DA:15,0
DA:16,0
DA:17,0
DA:19,0
DA:20,0
DA:22,0
DA:23,0
DA:24,0
DA:25,0
DA:28,0
DA:29,0
DA:30,0
DA:31,0
DA:32,0
DA:36,0
DA:37,0
DA:38,0
DA:39,0
DA:40,0
DA:41,0
DA:45,0
DA:46,0
DA:47,0
DA:48,0
DA:49,0
DA:53,0
DA:54,0
DA:55,0
DA:56,0
DA:57,0
DA:61,0
DA:62,0
DA:63,0
DA:64,0
DA:65,0
DA:66,0
DA:69,0
DA:71,0
DA:72,0
DA:74,0
DA:80,0
DA:81,0
DA:84,0
DA:85,0
DA:86,0
DA:87,0
DA:88,0
DA:91,0
DA:101,0
DA:102,0
DA:103,0
DA:104,0
DA:107,0
DA:108,0
DA:109,0
DA:119,0
DA:122,0
DA:123,0
DA:126,0
DA:129,0
DA:135,0
DA:136,0
DA:137,0
DA:139,0
DA:142,0
DA:144,0
DA:145,0
DA:148,0
DA:149,0
DA:152,0
DA:153,0
DA:162,0
DA:166,0
DA:183,0
DA:198,0
DA:214,0
DA:220,0
DA:238,0
DA:244,0
LF:86
LH:1
BRDA:28,0,0,0
BRDA:28,0,1,0
BRDA:28,1,0,0
BRDA:28,1,1,0
BRDA:28,1,2,0
BRDA:28,1,3,0
BRDA:37,2,0,0
BRDA:37,2,1,0
BRDA:45,3,0,0
BRDA:45,3,1,0
BRDA:53,4,0,0
BRDA:53,4,1,0
BRDA:62,5,0,0
BRDA:62,5,1,0
BRDA:84,6,0,0
BRDA:84,6,1,0
BRDA:84,7,0,0
BRDA:84,7,1,0
BRDA:84,7,2,0
BRDA:126,8,0,0
BRDA:126,8,1,0
BRDA:135,9,0,0
BRDA:135,9,1,0
BRDA:136,10,0,0
BRDA:136,10,1,0
BRDA:142,11,0,0
BRDA:142,11,1,0
BRDA:211,12,0,0
BRDA:211,12,1,0
BRDA:222,13,0,0
BRDA:222,13,1,0
BRDA:235,14,0,0
BRDA:235,14,1,0
BRDA:246,15,0,0
BRDA:246,15,1,0
BRDA:257,16,0,0
BRDA:257,16,1,0
BRF:37
BRH:0
end_of_record
TN:
SF:src\pages\SymptomChecker.jsx
FN:578,inferConditions
FN:580,(anonymous_1)
FN:715,SymptomChecker
FN:723,(anonymous_3)
FN:724,(anonymous_4)
FN:725,(anonymous_5)
FN:728,(anonymous_6)
FN:730,(anonymous_7)
FN:731,(anonymous_8)
FN:742,(anonymous_9)
FN:743,(anonymous_10)
FN:752,(anonymous_11)
FN:758,(anonymous_12)
FN:779,(anonymous_13)
FN:788,(anonymous_14)
FN:798,(anonymous_15)
FN:807,(anonymous_16)
FN:827,(anonymous_17)
FN:833,(anonymous_18)
FN:841,(anonymous_19)
FN:842,(anonymous_20)
FN:851,(anonymous_21)
FN:853,(anonymous_22)
FN:867,(anonymous_23)
FN:880,(anonymous_24)
FN:884,(anonymous_25)
FN:920,(anonymous_26)
FN:928,(anonymous_27)
FNF:28
FNH:0
FNDA:0,inferConditions
FNDA:0,(anonymous_1)
FNDA:0,SymptomChecker
FNDA:0,(anonymous_3)
FNDA:0,(anonymous_4)
FNDA:0,(anonymous_5)
FNDA:0,(anonymous_6)
FNDA:0,(anonymous_7)
FNDA:0,(anonymous_8)
FNDA:0,(anonymous_9)
FNDA:0,(anonymous_10)
FNDA:0,(anonymous_11)
FNDA:0,(anonymous_12)
FNDA:0,(anonymous_13)
FNDA:0,(anonymous_14)
FNDA:0,(anonymous_15)
FNDA:0,(anonymous_16)
FNDA:0,(anonymous_17)
FNDA:0,(anonymous_18)
FNDA:0,(anonymous_19)
FNDA:0,(anonymous_20)
FNDA:0,(anonymous_21)
FNDA:0,(anonymous_22)
FNDA:0,(anonymous_23)
FNDA:0,(anonymous_24)
FNDA:0,(anonymous_25)
FNDA:0,(anonymous_26)
FNDA:0,(anonymous_27)
DA:4,1
DA:21,1
DA:46,1
DA:146,1
DA:484,1
DA:579,0
DA:580,0
DA:583,0
DA:584,0
DA:585,0
DA:586,0
DA:587,0
DA:588,0
DA:589,0
DA:591,0
DA:592,0
DA:593,0
DA:595,0
DA:596,0
DA:597,0
DA:599,0
DA:600,0
DA:601,0
DA:606,0
DA:607,0
DA:608,0
DA:609,0
DA:610,0
DA:612,0
DA:613,0
DA:614,0
DA:615,0
DA:616,0
DA:620,0
DA:621,0
DA:622,0
DA:623,0
DA:624,0
DA:626,0
DA:627,0
DA:628,0
DA:629,0
DA:631,0
DA:632,0
DA:636,0
DA:637,0
DA:638,0
DA:639,0
DA:640,0
DA:641,0
DA:643,0
DA:647,0
DA:648,0
DA:649,0
DA:650,0
DA:651,0
DA:652,0
DA:653,0
DA:654,0
DA:655,0
DA:656,0
DA:657,0
DA:658,0
DA:662,0
DA:663,0
DA:664,0
DA:665,0
DA:666,0
DA:668,0
DA:669,0
DA:670,0
DA:674,0
DA:675,0
DA:676,0
DA:677,0
DA:678,0
DA:682,0
DA:683,0
DA:684,0
DA:685,0
DA:686,0
DA:690,0
DA:693,0
DA:694,0
DA:695,0
DA:696,0
DA:697,0
DA:698,0
DA:699,0
DA:703,0
DA:704,0
DA:705,0
DA:706,0
DA:707,0
DA:711,0
DA:712,0
DA:716,0
DA:717,0
DA:718,0
DA:719,0
DA:720,0
DA:721,0
DA:723,0
DA:724,0
DA:725,0
DA:726,0
DA:727,0
DA:728,0
DA:730,0
DA:731,0
DA:732,0
DA:733,0
DA:742,0
DA:743,0
DA:744,0
DA:745,0
DA:746,0
DA:750,0
DA:752,0
DA:753,0
DA:754,0
DA:755,0
DA:758,0
DA:759,0
DA:760,0
DA:761,0
DA:762,0
DA:763,0
DA:766,0
DA:780,0
DA:781,0
DA:782,0
DA:783,0
DA:784,0
DA:789,0
DA:799,0
DA:800,0
DA:801,0
DA:802,0
DA:808,0
DA:827,0
DA:833,0
DA:842,0
DA:852,0
DA:853,0
DA:867,0
DA:881,0
DA:884,0
DA:921,0
DA:929,0
LF:150
LH:5
BRDA:579,0,0,0
BRDA:579,0,1,0
BRDA:579,1,0,0
BRDA:579,1,1,0
BRDA:579,1,2,0
BRDA:583,2,0,0
BRDA:583,2,1,0
BRDA:584,3,0,0
BRDA:584,3,1,0
BRDA:585,4,0,0
BRDA:585,4,1,0
BRDA:585,5,0,0
BRDA:585,5,1,0
BRDA:585,5,2,0
BRDA:586,6,0,0
BRDA:586,6,1,0
BRDA:586,7,0,0
BRDA:586,7,1,0
BRDA:587,8,0,0
BRDA:587,8,1,0
BRDA:588,9,0,0
BRDA:588,9,1,0
BRDA:591,10,0,0
BRDA:591,10,1,0
BRDA:592,11,0,0
BRDA:592,11,1,0
BRDA:592,12,0,0
BRDA:592,12,1,0
BRDA:592,12,2,0
BRDA:595,13,0,0
BRDA:595,13,1,0
BRDA:596,14,0,0
BRDA:596,14,1,0
BRDA:596,15,0,0
BRDA:596,15,1,0
BRDA:597,16,0,0
BRDA:597,16,1,0
BRDA:599,17,0,0
BRDA:599,17,1,0
BRDA:600,18,0,0
BRDA:600,18,1,0
BRDA:600,19,0,0
BRDA:600,19,1,0
BRDA:606,20,0,0
BRDA:606,20,1,0
BRDA:607,21,0,0
BRDA:607,21,1,0
BRDA:608,22,0,0
BRDA:608,22,1,0
BRDA:608,23,0,0
BRDA:608,23,1,0
BRDA:609,24,0,0
BRDA:609,24,1,0
BRDA:612,25,0,0
BRDA:612,25,1,0
BRDA:612,26,0,0
BRDA:612,26,1,0
BRDA:612,26,2,0
BRDA:613,27,0,0
BRDA:613,27,1,0
BRDA:613,28,0,0
BRDA:613,28,1,0
BRDA:614,29,0,0
BRDA:614,29,1,0
BRDA:614,30,0,0
BRDA:614,30,1,0
BRDA:615,31,0,0
BRDA:615,31,1,0
BRDA:615,32,0,0
BRDA:615,32,1,0
BRDA:615,32,2,0
BRDA:615,32,3,0
BRDA:616,33,0,0
BRDA:616,33,1,0
BRDA:616,34,0,0
BRDA:616,34,1,0
BRDA:616,34,2,0
BRDA:616,34,3,0
BRDA:620,35,0,0
BRDA:620,35,1,0
BRDA:621,36,0,0
BRDA:621,36,1,0
BRDA:622,37,0,0
BRDA:622,37,1,0
BRDA:623,38,0,0
BRDA:623,38,1,0
BRDA:626,39,0,0
BRDA:626,39,1,0
BRDA:627,40,0,0
BRDA:627,40,1,0
BRDA:627,41,0,0
BRDA:627,41,1,0
BRDA:627,41,2,0
BRDA:628,42,0,0
BRDA:628,42,1,0
BRDA:631,43,0,0
BRDA:631,43,1,0
BRDA:631,44,0,0
BRDA:631,44,1,0
BRDA:631,44,2,0
BRDA:631,44,3,0
BRDA:632,45,0,0
BRDA:632,45,1,0
BRDA:632,46,0,0
BRDA:632,46,1,0
BRDA:636,47,0,0
BRDA:636,47,1,0
BRDA:637,48,0,0
BRDA:637,48,1,0
BRDA:638,49,0,0
BRDA:638,49,1,0
BRDA:639,50,0,0
BRDA:639,50,1,0
BRDA:640,51,0,0
BRDA:640,51,1,0
BRDA:643,52,0,0
BRDA:643,52,1,0
BRDA:643,53,0,0
BRDA:643,53,1,0
BRDA:647,54,0,0
BRDA:647,54,1,0
BRDA:648,55,0,0
BRDA:648,55,1,0
BRDA:649,56,0,0
BRDA:649,56,1,0
BRDA:650,57,0,0
BRDA:650,57,1,0
BRDA:653,58,0,0
BRDA:653,58,1,0
BRDA:654,59,0,0
BRDA:654,59,1,0
BRDA:655,60,0,0
BRDA:655,60,1,0
BRDA:656,61,0,0
BRDA:656,61,1,0
BRDA:657,62,0,0
BRDA:657,62,1,0
BRDA:657,63,0,0
BRDA:657,63,1,0
BRDA:662,64,0,0
BRDA:662,64,1,0
BRDA:663,65,0,0
BRDA:663,65,1,0
BRDA:664,66,0,0
BRDA:664,66,1,0
BRDA:664,67,0,0
BRDA:664,67,1,0
BRDA:665,68,0,0
BRDA:665,68,1,0
BRDA:665,69,0,0
BRDA:665,69,1,0
BRDA:665,69,2,0
BRDA:666,70,0,0
BRDA:666,70,1,0
BRDA:666,71,0,0
BRDA:666,71,1,0
BRDA:668,72,0,0
BRDA:668,72,1,0
BRDA:668,73,0,0
BRDA:668,73,1,0
BRDA:668,73,2,0
BRDA:669,74,0,0
BRDA:669,74,1,0
BRDA:669,75,0,0
BRDA:669,75,1,0
BRDA:669,75,2,0
BRDA:669,75,3,0
BRDA:670,76,0,0
BRDA:670,76,1,0
BRDA:670,77,0,0
BRDA:670,77,1,0
BRDA:670,77,2,0
BRDA:674,78,0,0
BRDA:674,78,1,0
BRDA:675,79,0,0
BRDA:675,79,1,0
BRDA:675,80,0,0
BRDA:675,80,1,0
BRDA:675,80,2,0
BRDA:676,81,0,0
BRDA:676,81,1,0
BRDA:676,82,0,0
BRDA:676,82,1,0
BRDA:676,82,2,0
BRDA:677,83,0,0
BRDA:677,83,1,0
BRDA:677,84,0,0
BRDA:677,84,1,0
BRDA:678,85,0,0
BRDA:678,85,1,0
BRDA:678,86,0,0
BRDA:678,86,1,0
BRDA:682,87,0,0
BRDA:682,87,1,0
BRDA:683,88,0,0
BRDA:683,88,1,0
BRDA:683,89,0,0
BRDA:683,89,1,0
BRDA:684,90,0,0
BRDA:684,90,1,0
BRDA:684,91,0,0
BRDA:684,91,1,0
BRDA:684,91,2,0
BRDA:685,92,0,0
BRDA:685,92,1,0
BRDA:685,93,0,0
BRDA:685,93,1,0
BRDA:685,93,2,0
BRDA:685,93,3,0
BRDA:686,94,0,0
BRDA:686,94,1,0
BRDA:690,95,0,0
BRDA:690,95,1,0
BRDA:690,96,0,0
BRDA:690,96,1,0
BRDA:690,96,2,0
BRDA:690,96,3,0
BRDA:693,97,0,0
BRDA:693,97,1,0
BRDA:694,98,0,0
BRDA:694,98,1,0
BRDA:694,99,0,0
BRDA:694,99,1,0
BRDA:694,99,2,0
BRDA:695,100,0,0
BRDA:695,100,1,0
BRDA:695,101,0,0
BRDA:695,101,1,0
BRDA:695,101,2,0
BRDA:696,102,0,0
BRDA:696,102,1,0
BRDA:696,103,0,0
BRDA:696,103,1,0
BRDA:697,104,0,0
BRDA:697,104,1,0
BRDA:697,105,0,0
BRDA:697,105,1,0
BRDA:698,106,0,0
BRDA:698,106,1,0
BRDA:698,107,0,0
BRDA:698,107,1,0
BRDA:698,107,2,0
BRDA:699,108,0,0
BRDA:699,108,1,0
BRDA:699,109,0,0
BRDA:699,109,1,0
BRDA:699,109,2,0
BRDA:703,110,0,0
BRDA:703,110,1,0
BRDA:704,111,0,0
BRDA:704,111,1,0
BRDA:704,112,0,0
BRDA:704,112,1,0
BRDA:704,112,2,0
BRDA:704,112,3,0
BRDA:705,113,0,0
BRDA:705,113,1,0
BRDA:705,114,0,0
BRDA:705,114,1,0
BRDA:705,114,2,0
BRDA:706,115,0,0
BRDA:706,115,1,0
BRDA:706,116,0,0
BRDA:706,116,1,0
BRDA:706,116,2,0
BRDA:707,117,0,0
BRDA:707,117,1,0
BRDA:707,118,0,0
BRDA:707,118,1,0
BRDA:707,118,2,0
BRDA:707,118,3,0
BRDA:711,119,0,0
BRDA:711,119,1,0
BRDA:711,120,0,0
BRDA:711,120,1,0
BRDA:723,121,0,0
BRDA:723,121,1,0
BRDA:724,122,0,0
BRDA:724,122,1,0
BRDA:724,123,0,0
BRDA:724,123,1,0
BRDA:724,124,0,0
BRDA:724,124,1,0
BRDA:727,125,0,0
BRDA:727,125,1,0
BRDA:732,126,0,0
BRDA:732,126,1,0
BRDA:735,127,0,0
BRDA:735,127,1,0
BRDA:736,128,0,0
BRDA:736,128,1,0
BRDA:737,129,0,0
BRDA:737,129,1,0
BRDA:745,130,0,0
BRDA:745,130,1,0
BRDA:750,131,0,0
BRDA:750,131,1,0
BRDA:750,131,2,0
BRDA:806,132,0,0
BRDA:806,132,1,0
BRDA:817,133,0,0
BRDA:817,133,1,0
BRDA:832,134,0,0
BRDA:832,134,1,0
BRDA:839,135,0,0
BRDA:839,135,1,0
BRDA:849,136,0,0
BRDA:849,136,1,0
BRDA:863,137,0,0
BRDA:863,137,1,0
BRDA:866,138,0,0
BRDA:866,138,1,0
BRDA:876,139,0,0
BRDA:876,139,1,0
BRDA:885,140,0,0
BRDA:885,140,1,0
BRDA:889,141,0,0
BRDA:889,141,1,0
BRDA:893,142,0,0
BRDA:893,142,1,0
BRDA:912,143,0,0
BRDA:912,143,1,0
BRDA:920,144,0,0
BRDA:920,144,1,0
BRDA:928,145,0,0
BRDA:928,145,1,0
BRF:326
BRH:0
end_of_record
TN:
SF:src\pages\UserProfile.jsx
FN:8,(anonymous_0)
FN:10,(anonymous_1)
FN:10,(anonymous_2)
FN:13,(anonymous_3)
FN:18,(anonymous_4)
FN:31,(anonymous_5)
FN:32,(anonymous_6)
FN:36,(anonymous_7)
FN:75,(anonymous_8)
FN:87,(anonymous_9)
FN:100,(anonymous_10)
FN:109,(anonymous_11)
FN:147,(anonymous_12)
FN:162,(anonymous_13)
FN:214,(anonymous_14)
FN:242,(anonymous_15)
FN:244,(anonymous_16)
FN:251,(anonymous_17)
FN:256,(anonymous_18)
FN:308,(anonymous_19)
FN:308,(anonymous_20)
FN:314,(anonymous_21)
FN:314,(anonymous_22)
FN:324,(anonymous_23)
FN:342,(anonymous_24)
FN:349,(anonymous_25)
FN:357,(anonymous_26)
FN:376,(anonymous_27)
FN:404,(anonymous_28)
FN:425,(anonymous_29)
FN:442,(anonymous_30)
FNF:31
FNH:0
FNDA:0,(anonymous_0)
FNDA:0,(anonymous_1)
FNDA:0,(anonymous_2)
FNDA:0,(anonymous_3)
FNDA:0,(anonymous_4)
FNDA:0,(anonymous_5)
FNDA:0,(anonymous_6)
FNDA:0,(anonymous_7)
FNDA:0,(anonymous_8)
FNDA:0,(anonymous_9)
FNDA:0,(anonymous_10)
FNDA:0,(anonymous_11)
FNDA:0,(anonymous_12)
FNDA:0,(anonymous_13)
FNDA:0,(anonymous_14)
FNDA:0,(anonymous_15)
FNDA:0,(anonymous_16)
FNDA:0,(anonymous_17)
FNDA:0,(anonymous_18)
FNDA:0,(anonymous_19)
FNDA:0,(anonymous_20)
FNDA:0,(anonymous_21)
FNDA:0,(anonymous_22)
FNDA:0,(anonymous_23)
FNDA:0,(anonymous_24)
FNDA:0,(anonymous_25)
FNDA:0,(anonymous_26)
FNDA:0,(anonymous_27)
FNDA:0,(anonymous_28)
FNDA:0,(anonymous_29)
FNDA:0,(anonymous_30)
DA:8,1
DA:10,1
DA:11,0
DA:12,0
DA:13,0
DA:14,0
DA:15,0
DA:18,1
DA:19,0
DA:20,0
DA:21,0
DA:22,0
DA:23,0
DA:24,0
DA:25,0
DA:26,0
DA:27,0
DA:28,0
DA:29,0
DA:31,0
DA:32,0
DA:33,0
DA:34,0
DA:36,0
DA:37,0
DA:39,0
DA:42,0
DA:43,0
DA:44,0
DA:45,0
DA:46,0
DA:51,0
DA:53,0
DA:66,0
DA:68,0
DA:71,0
DA:75,0
DA:76,0
DA:77,0
DA:79,0
DA:80,0
DA:83,0
DA:87,0
DA:88,0
DA:89,0
DA:90,0
DA:91,0
DA:92,0
DA:93,0
DA:94,0
DA:95,0
DA:96,0
DA:97,0
DA:100,0
DA:101,0
DA:102,0
DA:103,0
DA:104,0
DA:105,0
DA:106,0
DA:109,0
DA:110,0
DA:112,0
DA:113,0
DA:114,0
DA:116,0
DA:117,0
DA:118,0
DA:121,0
DA:122,0
DA:123,0
DA:124,0
DA:125,0
DA:128,0
DA:130,0
DA:133,0
DA:134,0
DA:135,0
DA:136,0
DA:137,0
DA:138,0
DA:139,0
DA:140,0
DA:142,0
DA:144,0
DA:147,0
DA:148,0
DA:149,0
DA:150,0
DA:151,0
DA:152,0
DA:153,0
DA:154,0
DA:155,0
DA:156,0
DA:158,0
DA:162,0
DA:163,0
DA:164,0
DA:165,0
DA:168,0
DA:170,0
DA:172,0
DA:179,0
DA:182,0
DA:183,0
DA:184,0
DA:185,0
DA:186,0
DA:187,0
DA:190,0
DA:191,0
DA:194,0
DA:198,0
DA:204,0
DA:207,0
DA:208,0
DA:214,0
DA:216,0
DA:219,0
DA:232,0
DA:234,0
DA:235,0
DA:239,0
DA:242,0
DA:243,0
DA:244,0
DA:245,0
DA:246,0
DA:247,0
DA:248,0
DA:249,0
DA:251,0
DA:252,0
DA:254,0
DA:255,0
DA:256,0
DA:257,0
DA:258,0
DA:262,0
DA:263,0
DA:270,0
DA:308,0
DA:314,0
DA:325,0
DA:326,0
DA:327,0
DA:328,0
DA:329,0
DA:342,0
DA:349,0
DA:357,0
DA:377,0
DA:378,0
DA:405,0
DA:406,0
DA:425,0
DA:442,0
LF:158
LH:3
BRDA:11,0,0,0
BRDA:11,0,1,0
BRDA:37,1,0,0
BRDA:37,1,1,0
BRDA:39,2,0,0
BRDA:39,2,1,0
BRDA:39,2,2,0
BRDA:43,3,0,0
BRDA:43,3,1,0
BRDA:46,4,0,0
BRDA:46,4,1,0
BRDA:51,5,0,0
BRDA:51,5,1,0
BRDA:51,6,0,0
BRDA:51,6,1,0
BRDA:54,7,0,0
BRDA:54,7,1,0
BRDA:54,7,2,0
BRDA:54,7,3,0
BRDA:55,8,0,0
BRDA:55,8,1,0
BRDA:55,8,2,0
BRDA:55,8,3,0
BRDA:56,9,0,0
BRDA:56,9,1,0
BRDA:56,9,2,0
BRDA:57,10,0,0
BRDA:57,10,1,0
BRDA:58,11,0,0
BRDA:58,11,1,0
BRDA:59,12,0,0
BRDA:59,12,1,0
BRDA:60,13,0,0
BRDA:60,13,1,0
BRDA:61,14,0,0
BRDA:61,14,1,0
BRDA:62,15,0,0
BRDA:62,15,1,0
BRDA:63,16,0,0
BRDA:63,16,1,0
BRDA:64,17,0,0
BRDA:64,17,1,0
BRDA:79,18,0,0
BRDA:79,18,1,0
BRDA:90,19,0,0
BRDA:90,19,1,0
BRDA:90,20,0,0
BRDA:90,20,1,0
BRDA:93,21,0,0
BRDA:93,21,1,0
BRDA:94,22,0,0
BRDA:94,22,1,0
BRDA:95,23,0,0
BRDA:95,23,1,0
BRDA:101,24,0,0
BRDA:101,24,1,0
BRDA:103,25,0,0
BRDA:103,25,1,0
BRDA:106,26,0,0
BRDA:106,26,1,0
BRDA:106,27,0,0
BRDA:106,27,1,0
BRDA:110,28,0,0
BRDA:110,28,1,0
BRDA:110,29,0,0
BRDA:110,29,1,0
BRDA:112,30,0,0
BRDA:112,30,1,0
BRDA:116,31,0,0
BRDA:116,31,1,0
BRDA:128,32,0,0
BRDA:128,32,1,0
BRDA:135,33,0,0
BRDA:135,33,1,0
BRDA:148,34,0,0
BRDA:148,34,1,0
BRDA:151,35,0,0
BRDA:151,35,1,0
BRDA:163,36,0,0
BRDA:163,36,1,0
BRDA:175,37,0,0
BRDA:175,37,1,0
BRDA:183,38,0,0
BRDA:183,38,1,0
BRDA:190,39,0,0
BRDA:190,39,1,0
BRDA:222,40,0,0
BRDA:222,40,1,0
BRDA:223,41,0,0
BRDA:223,41,1,0
BRDA:224,42,0,0
BRDA:224,42,1,0
BRDA:225,43,0,0
BRDA:225,43,1,0
BRDA:226,44,0,0
BRDA:226,44,1,0
BRDA:227,45,0,0
BRDA:227,45,1,0
BRDA:228,46,0,0
BRDA:228,46,1,0
BRDA:229,47,0,0
BRDA:229,47,1,0
BRDA:230,48,0,0
BRDA:230,48,1,0
BRDA:235,49,0,0
BRDA:235,49,1,0
BRDA:239,50,0,0
BRDA:239,50,1,0
BRDA:243,51,0,0
BRDA:243,51,1,0
BRDA:247,52,0,0
BRDA:247,52,1,0
BRDA:247,53,0,0
BRDA:247,53,1,0
BRDA:248,54,0,0
BRDA:248,54,1,0
BRDA:248,55,0,0
BRDA:248,55,1,0
BRDA:252,56,0,0
BRDA:252,56,1,0
BRDA:262,57,0,0
BRDA:262,57,1,0
BRDA:275,58,0,0
BRDA:275,58,1,0
BRDA:275,58,2,0
BRDA:284,59,0,0
BRDA:284,59,1,0
BRDA:290,60,0,0
BRDA:290,60,1,0
BRDA:297,61,0,0
BRDA:297,61,1,0
BRDA:302,62,0,0
BRDA:302,62,1,0
BRDA:316,63,0,0
BRDA:316,63,1,0
BRDA:316,63,2,0
BRDA:325,64,0,0
BRDA:325,64,1,0
BRDA:326,65,0,0
BRDA:326,65,1,0
BRDA:329,66,0,0
BRDA:329,66,1,0
BRDA:333,67,0,0
BRDA:333,67,1,0
BRDA:346,68,0,0
BRDA:346,68,1,0
BRDA:367,69,0,0
BRDA:367,69,1,0
BRDA:368,70,0,0
BRDA:368,70,1,0
BRDA:370,71,0,0
BRDA:370,71,1,0
BRDA:373,72,0,0
BRDA:373,72,1,0
BRDA:377,73,0,0
BRDA:377,73,1,0
BRDA:378,74,0,0
BRDA:378,74,1,0
BRDA:380,75,0,0
BRDA:380,75,1,0
BRDA:383,76,0,0
BRDA:383,76,1,0
BRDA:386,77,0,0
BRDA:386,77,1,0
BRDA:389,78,0,0
BRDA:389,78,1,0
BRDA:392,79,0,0
BRDA:392,79,1,0
BRDA:395,80,0,0
BRDA:395,80,1,0
BRDA:403,81,0,0
BRDA:403,81,1,0
BRDA:403,82,0,0
BRDA:403,82,1,0
BRDA:406,83,0,0
BRDA:406,83,1,0
BRDA:420,84,0,0
BRDA:420,84,1,0
BRDA:435,85,0,0
BRDA:435,85,1,0
BRDA:435,85,2,0
BRDA:437,86,0,0
BRDA:437,86,1,0
BRDA:452,87,0,0
BRDA:452,87,1,0
BRDA:452,88,0,0
BRDA:452,88,1,0
BRF:187
BRH:0
end_of_record
TN:
SF:src\pages\WellnessLogger.jsx
FN:11,(anonymous_0)
FN:34,(anonymous_1)
FN:35,(anonymous_2)
FN:65,(anonymous_3)
FN:76,(anonymous_4)
FN:83,(anonymous_5)
FN:91,(anonymous_6)
FN:107,(anonymous_7)
FN:226,(anonymous_8)
FN:246,(anonymous_9)
FN:260,(anonymous_10)
FN:267,(anonymous_11)
FN:273,(anonymous_12)
FN:302,(anonymous_13)
FN:535,(anonymous_14)
FN:545,(anonymous_15)
FN:595,(anonymous_16)
FN:605,(anonymous_17)
FN:661,(anonymous_18)
FN:667,(anonymous_19)
FNF:20
FNH:0
FNDA:0,(anonymous_0)
FNDA:0,(anonymous_1)
FNDA:0,(anonymous_2)
FNDA:0,(anonymous_3)
FNDA:0,(anonymous_4)
FNDA:0,(anonymous_5)
FNDA:0,(anonymous_6)
FNDA:0,(anonymous_7)
FNDA:0,(anonymous_8)
FNDA:0,(anonymous_9)
FNDA:0,(anonymous_10)
FNDA:0,(anonymous_11)
FNDA:0,(anonymous_12)
FNDA:0,(anonymous_13)
FNDA:0,(anonymous_14)
FNDA:0,(anonymous_15)
FNDA:0,(anonymous_16)
FNDA:0,(anonymous_17)
FNDA:0,(anonymous_18)
FNDA:0,(anonymous_19)
DA:11,1
DA:12,0
DA:14,0
DA:15,0
DA:17,0
DA:26,0
DA:27,0
DA:28,0
DA:29,0
DA:30,0
DA:31,0
DA:34,0
DA:35,0
DA:36,0
DA:37,0
DA:39,0
DA:40,0
DA:41,0
DA:42,0
DA:44,0
DA:45,0
DA:50,0
DA:51,0
DA:52,0
DA:53,0
DA:55,0
DA:58,0
DA:62,0
DA:65,0
DA:66,0
DA:68,0
DA:70,0
DA:71,0
DA:72,0
DA:76,0
DA:83,0
DA:84,0
DA:85,0
DA:86,0
DA:89,0
DA:90,0
DA:91,0
DA:94,0
DA:96,0
DA:104,0
DA:107,0
DA:109,0
DA:111,0
DA:120,0
DA:121,0
DA:122,0
DA:123,0
DA:124,0
DA:125,0
DA:126,0
DA:129,0
DA:130,0
DA:135,0
DA:140,0
DA:151,0
DA:152,0
DA:153,0
DA:154,0
DA:155,0
DA:156,0
DA:157,0
DA:160,0
DA:161,0
DA:166,0
DA:172,0
DA:173,0
DA:174,0
DA:177,0
DA:178,0
DA:180,0
DA:182,0
DA:188,0
DA:189,0
DA:199,0
DA:200,0
DA:201,0
DA:205,0
DA:208,0
DA:210,0
DA:213,0
DA:214,0
DA:216,0
DA:219,0
DA:225,0
DA:226,0
DA:229,0
DA:230,0
DA:231,0
DA:238,0
DA:246,0
DA:248,0
DA:249,0
DA:250,0
DA:251,0
DA:253,0
DA:256,0
DA:260,0
DA:261,0
DA:262,0
DA:265,0
DA:266,0
DA:267,0
DA:270,0
DA:273,0
DA:274,0
DA:277,0
DA:278,0
DA:281,0
DA:282,0
DA:283,0
DA:284,0
DA:287,0
DA:292,0
DA:293,0
DA:298,0
DA:302,0
DA:303,0
DA:310,0
DA:330,0
DA:536,0
DA:546,0
DA:547,0
DA:548,0
DA:596,0
DA:605,0
DA:662,0
DA:667,0
LF:132
LH:1
BRDA:40,0,0,0
BRDA:40,0,1,0
BRDA:42,1,0,0
BRDA:42,1,1,0
BRDA:51,2,0,0
BRDA:51,2,1,0
BRDA:52,3,0,0
BRDA:52,3,1,0
BRDA:68,4,0,0
BRDA:68,4,1,0
BRDA:70,5,0,0
BRDA:70,5,1,0
BRDA:89,6,0,0
BRDA:89,6,1,0
BRDA:109,7,0,0
BRDA:109,7,1,0
BRDA:116,8,0,0
BRDA:116,8,1,0
BRDA:120,9,0,0
BRDA:120,9,1,0
BRDA:147,10,0,0
BRDA:147,10,1,0
BRDA:151,11,0,0
BRDA:151,11,1,0
BRDA:173,12,0,0
BRDA:173,12,1,0
BRDA:183,13,0,0
BRDA:183,13,1,0
BRDA:188,14,0,0
BRDA:188,14,1,0
BRDA:200,15,0,0
BRDA:200,15,1,0
BRDA:210,16,0,0
BRDA:210,16,1,0
BRDA:213,17,0,0
BRDA:213,17,1,0
BRDA:214,18,0,0
BRDA:214,18,1,0
BRDA:229,19,0,0
BRDA:229,19,1,0
BRDA:265,20,0,0
BRDA:265,20,1,0
BRDA:277,21,0,0
BRDA:277,21,1,0
BRDA:310,22,0,0
BRDA:310,22,1,0
BRDA:342,23,0,0
BRDA:342,23,1,0
BRDA:343,24,0,0
BRDA:343,24,1,0
BRDA:345,25,0,0
BRDA:345,25,1,0
BRDA:497,26,0,0
BRDA:497,26,1,0
BRDA:531,27,0,0
BRDA:531,27,1,0
BRDA:562,28,0,0
BRDA:562,28,1,0
BRDA:565,29,0,0
BRDA:565,29,1,0
BRDA:565,30,0,0
BRDA:565,30,1,0
BRDA:571,31,0,0
BRDA:571,31,1,0
BRDA:593,32,0,0
BRDA:593,32,1,0
BRDA:596,33,0,0
BRDA:596,33,1,0
BRDA:605,34,0,0
BRDA:605,34,1,0
BRDA:619,35,0,0
BRDA:619,35,1,0
BRDA:633,36,0,0
BRDA:633,36,1,0
BRDA:643,37,0,0
BRDA:643,37,1,0
BRDA:646,38,0,0
BRDA:646,38,1,0
BRDA:650,39,0,0
BRDA:650,39,1,0
BRDA:657,40,0,0
BRDA:657,40,1,0
BRDA:657,40,2,0
BRDA:664,41,0,0
BRDA:664,41,1,0
BRDA:667,42,0,0
BRDA:667,42,1,0
BRF:87
BRH:0
end_of_record
TN:
SF:src\services\api.js
FN:17,(anonymous_0)
FN:28,(anonymous_1)
FN:35,(anonymous_2)
FN:60,(anonymous_3)
FN:67,(anonymous_4)
FN:72,(anonymous_5)
FN:73,(anonymous_6)
FN:89,(anonymous_7)
FN:90,(anonymous_8)
FN:91,(anonymous_9)
FN:96,(anonymous_10)
FN:97,(anonymous_11)
FN:98,(anonymous_12)
FN:99,(anonymous_13)
FN:100,(anonymous_14)
FN:101,(anonymous_15)
FN:108,(anonymous_16)
FN:113,(anonymous_17)
FN:114,(anonymous_18)
FN:115,(anonymous_19)
FN:116,(anonymous_20)
FN:122,(anonymous_21)
FN:125,(anonymous_22)
FN:130,(anonymous_23)
FN:133,(anonymous_24)
FN:138,(anonymous_25)
FN:141,(anonymous_26)
FN:147,(anonymous_27)
FN:148,(anonymous_28)
FN:150,(anonymous_29)
FN:152,(anonymous_30)
FN:153,(anonymous_31)
FN:154,(anonymous_32)
FN:155,(anonymous_33)
FN:157,(anonymous_34)
FN:158,(anonymous_35)
FN:159,(anonymous_36)
FN:161,(anonymous_37)
FN:162,(anonymous_38)
FN:163,(anonymous_39)
FN:164,(anonymous_40)
FN:166,(anonymous_41)
FN:167,(anonymous_42)
FN:168,(anonymous_43)
FN:170,(anonymous_44)
FN:171,(anonymous_45)
FN:173,(anonymous_46)
FN:174,(anonymous_47)
FN:175,(anonymous_48)
FN:177,(anonymous_49)
FN:182,(anonymous_50)
FN:189,(anonymous_51)
FN:193,(anonymous_52)
FN:194,(anonymous_53)
FN:195,(anonymous_54)
FN:200,(anonymous_55)
FN:201,(anonymous_56)
FN:202,(anonymous_57)
FN:203,(anonymous_58)
FN:204,(anonymous_59)
FN:205,(anonymous_60)
FNF:61
FNH:0
FNDA:0,(anonymous_0)
FNDA:0,(anonymous_1)
FNDA:0,(anonymous_2)
FNDA:0,(anonymous_3)
FNDA:0,(anonymous_4)
FNDA:0,(anonymous_5)
FNDA:0,(anonymous_6)
FNDA:0,(anonymous_7)
FNDA:0,(anonymous_8)
FNDA:0,(anonymous_9)
FNDA:0,(anonymous_10)
FNDA:0,(anonymous_11)
FNDA:0,(anonymous_12)
FNDA:0,(anonymous_13)
FNDA:0,(anonymous_14)
FNDA:0,(anonymous_15)
FNDA:0,(anonymous_16)
FNDA:0,(anonymous_17)
FNDA:0,(anonymous_18)
FNDA:0,(anonymous_19)
FNDA:0,(anonymous_20)
FNDA:0,(anonymous_21)
FNDA:0,(anonymous_22)
FNDA:0,(anonymous_23)
FNDA:0,(anonymous_24)
FNDA:0,(anonymous_25)
FNDA:0,(anonymous_26)
FNDA:0,(anonymous_27)
FNDA:0,(anonymous_28)
FNDA:0,(anonymous_29)
FNDA:0,(anonymous_30)
FNDA:0,(anonymous_31)
FNDA:0,(anonymous_32)
FNDA:0,(anonymous_33)
FNDA:0,(anonymous_34)
FNDA:0,(anonymous_35)
FNDA:0,(anonymous_36)
FNDA:0,(anonymous_37)
FNDA:0,(anonymous_38)
FNDA:0,(anonymous_39)
FNDA:0,(anonymous_40)
FNDA:0,(anonymous_41)
FNDA:0,(anonymous_42)
FNDA:0,(anonymous_43)
FNDA:0,(anonymous_44)
FNDA:0,(anonymous_45)
FNDA:0,(anonymous_46)
FNDA:0,(anonymous_47)
FNDA:0,(anonymous_48)
FNDA:0,(anonymous_49)
FNDA:0,(anonymous_50)
FNDA:0,(anonymous_51)
FNDA:0,(anonymous_52)
FNDA:0,(anonymous_53)
FNDA:0,(anonymous_54)
FNDA:0,(anonymous_55)
FNDA:0,(anonymous_56)
FNDA:0,(anonymous_57)
FNDA:0,(anonymous_58)
FNDA:0,(anonymous_59)
FNDA:0,(anonymous_60)
DA:7,2
DA:17,2
DA:18,0
DA:24,0
DA:27,2
DA:29,0
DA:33,0
DA:36,0
DA:39,0
DA:43,0
DA:45,0
DA:50,0
DA:54,0
DA:59,2
DA:61,0
DA:62,0
DA:63,0
DA:65,0
DA:67,0
DA:71,2
DA:72,0
DA:74,0
DA:75,0
DA:76,0
DA:77,0
DA:78,0
DA:79,0
DA:80,0
DA:83,0
DA:88,2
DA:89,0
DA:90,0
DA:91,0
DA:95,2
DA:96,0
DA:97,0
DA:98,0
DA:99,0
DA:100,0
DA:102,0
DA:108,0
DA:112,2
DA:113,0
DA:114,0
DA:115,0
DA:116,0
DA:120,2
DA:123,0
DA:124,0
DA:126,0
DA:127,0
DA:131,0
DA:132,0
DA:134,0
DA:135,0
DA:139,0
DA:140,0
DA:142,0
DA:143,0
DA:147,0
DA:148,0
DA:150,0
DA:152,0
DA:153,0
DA:154,0
DA:155,0
DA:157,0
DA:158,0
DA:159,0
DA:161,0
DA:162,0
DA:163,0
DA:164,0
DA:166,0
DA:167,0
DA:168,0
DA:170,0
DA:171,0
DA:173,0
DA:174,0
DA:175,0
DA:177,0
DA:181,2
DA:183,0
DA:187,0
DA:190,0
DA:191,0
DA:193,0
DA:194,0
DA:195,0
DA:199,2
DA:200,0
DA:201,0
DA:202,0
DA:203,0
DA:204,0
DA:205,0
LF:97
LH:11
BRDA:36,0,0,0
BRDA:36,0,1,0
BRDA:43,1,0,0
BRDA:43,1,1,0
BRDA:61,2,0,0
BRDA:61,2,1,0
BRDA:62,3,0,0
BRDA:62,3,1,0
BRDA:74,4,0,0
BRDA:74,4,1,0
BRDA:79,5,0,0
BRDA:79,5,1,0
BRDA:177,6,0,0
BRF:13
BRH:0
end_of_record
TN:
SF:src\utils\notifications.js
FN:1,ensureNotificationPermission
FN:11,scheduleDailyNotification
FN:16,(anonymous_2)
FN:18,(anonymous_3)
FN:26,(anonymous_4)
FN:27,(anonymous_5)
FN:39,(anonymous_6)
FNF:7
FNH:0
FNDA:0,ensureNotificationPermission
FNDA:0,scheduleDailyNotification
FNDA:0,(anonymous_2)
FNDA:0,(anonymous_3)
FNDA:0,(anonymous_4)
FNDA:0,(anonymous_5)
FNDA:0,(anonymous_6)
DA:2,0
DA:3,0
DA:4,0
DA:5,0
DA:6,0
DA:8,0
DA:14,0
DA:16,0
DA:17,0
DA:18,0
DA:19,0
DA:20,0
DA:21,0
DA:22,0
DA:25,0
DA:26,0
DA:27,0
DA:28,0
DA:29,0
DA:30,0
DA:33,0
DA:34,0
DA:37,0
DA:39,0
LF:24
LH:0
BRDA:2,0,0,0
BRDA:2,0,1,0
BRDA:3,1,0,0
BRDA:3,1,1,0
BRDA:4,2,0,0
BRDA:4,2,1,0
BRDA:21,3,0,0
BRDA:21,3,1,0
BRDA:29,4,0,0
BRDA:29,4,1,0
BRDA:29,5,0,0
BRDA:29,5,1,0
BRDA:30,6,0,0
BRDA:30,6,1,0
BRDA:33,7,0,0
BRDA:33,7,1,0
BRDA:39,8,0,0
BRDA:39,8,1,0
BRF:18
BRH:0
end_of_record
